#
# There is insufficient memory for the Java Runtime Environment to continue.
# Native memory allocation (malloc) failed to allocate 32744 bytes for ChunkPool::allocate
# Possible reasons:
#   The system is out of physical RAM or swap space
#   The process is running with CompressedOops enabled, and the Java Heap may be blocking the growth of the native heap
# Possible solutions:
#   Reduce memory load on the system
#   Increase physical memory or swap space
#   Check if swap backing store is full
#   Decrease Java heap size (-Xmx/-Xms)
#   Decrease number of Java threads
#   Decrease Java thread stack sizes (-Xss)
#   Set larger code cache with -XX:ReservedCodeCacheSize=
#   JVM is running with Unscaled Compressed Oops mode in which the Java heap is
#     placed in the first 4GB address space. The Java Heap base address is the
#     maximum limit for the native heap growth. Please use -XX:HeapBaseMinAddress
#     to set the Java Heap base and to place the Java Heap above 4GB virtual address.
# This output file may be truncated or incomplete.
#
#  Out of Memory Error (./open/src/hotspot/share/memory/arena.cpp:81), pid=4328, tid=13544
#
# JRE version: Java(TM) SE Runtime Environment 18.9 (11.0.9+7) (build 11.0.9+7-LTS)
# Java VM: Java HotSpot(TM) 64-Bit Server VM 18.9 (11.0.9+7-LTS, mixed mode, tiered, compressed oops, parallel gc, windows-amd64)
# No core dump will be written. Minidumps are not enabled by default on client versions of Windows
#

---------------  S U M M A R Y ------------

Command Line: --add-modules=ALL-SYSTEM --add-opens=java.base/java.util=ALL-UNNAMED --add-opens=java.base/java.lang=ALL-UNNAMED -Declipse.application=org.eclipse.jdt.ls.core.id1 -Dosgi.bundles.defaultStartLevel=4 -Declipse.product=org.eclipse.jdt.ls.core.product -Dfile.encoding=utf8 -DwatchParentProcess=false -XX:+UseParallelGC -XX:GCTimeRatio=4 -XX:AdaptiveSizePolicyWeight=90 -Dsun.zip.disableMemoryMapping=true -Xmx1G -Xms100m -Xverify:none c:\Users\ssij\.vscode\extensions\redhat.java-0.71.0\server\plugins\org.eclipse.equinox.launcher_1.6.0.v20200915-1508.jar -configuration c:\Users\ssij\AppData\Roaming\Code\User\globalStorage\redhat.java\0.71.0\config_win -data c:\Users\ssij\AppData\Roaming\Code\User\workspaceStorage\ce9bd1c2a904ba55425b1d37feee0edb\redhat.java\jdt_ws

Host: Intel(R) Core(TM) i5-8300H CPU @ 2.30GHz, 8 cores, 7G,  Windows 10 , 64 bit Build 19041 (10.0.19041.546)
Time: Sat Nov 21 20:44:45 2020 Центральная Азия (зима) elapsed time: 3.374424 seconds (0d 0h 0m 3s)

---------------  T H R E A D  ---------------

Current thread (0x000001cbee617000):  JavaThread "C2 CompilerThread1" daemon [_thread_in_native, id=13544, stack(0x000000b8d1c00000,0x000000b8d1d00000)]


Current CompileTask:
C2:   3374 3736       4       org.eclipse.osgi.internal.loader.BundleLoader::addExportedProvidersFor (167 bytes)

Stack: [0x000000b8d1c00000,0x000000b8d1d00000]
Native frames: (J=compiled Java code, j=interpreted, Vv=VM code, C=native code)
V  [jvm.dll+0x611a3a]
V  [jvm.dll+0x748aaf]
V  [jvm.dll+0x74a135]
V  [jvm.dll+0x74a7b3]
V  [jvm.dll+0x2439f8]
V  [jvm.dll+0xba65b]
V  [jvm.dll+0xba9bc]
V  [jvm.dll+0x34ac28]
V  [jvm.dll+0x34a0d1]
V  [jvm.dll+0x34a114]
V  [jvm.dll+0x50f8b6]
V  [jvm.dll+0x51026b]
V  [jvm.dll+0x313372]
V  [jvm.dll+0x31268a]
V  [jvm.dll+0x1fd495]
V  [jvm.dll+0x1fc64f]
V  [jvm.dll+0x17f08c]
V  [jvm.dll+0x20bc54]
V  [jvm.dll+0x209d2b]
V  [jvm.dll+0x7103d9]
V  [jvm.dll+0x709114]
V  [jvm.dll+0x610cb6]
C  [ucrtbase.dll+0x214c2]
C  [KERNEL32.DLL+0x17034]
C  [ntdll.dll+0x4cec1]


---------------  P R O C E S S  ---------------

Threads class SMR info:
_java_thread_list=0x000001cbf2375fc0, length=27, elements={
0x000001cbd1429000, 0x000001cbed0c0800, 0x000001cbed1e8800, 0x000001cbee490800,
0x000001cbee494800, 0x000001cbee446800, 0x000001cbee447800, 0x000001cbee449800,
0x000001cbee605000, 0x000001cbee772000, 0x000001cbee617000, 0x000001cbf03a3800,
0x000001cbefa36800, 0x000001cbf0454000, 0x000001cbefac3800, 0x000001cbf046b800,
0x000001cbf0aa0000, 0x000001cbef48e000, 0x000001cbf0c77800, 0x000001cbf0ba9800,
0x000001cbf0e58800, 0x000001cbf0e59800, 0x000001cbf0e5b000, 0x000001cbf0e5d000,
0x000001cbf0e5a800, 0x000001cbf0d99000, 0x000001cbf0e5c000
}

Java Threads: ( => current thread )
  0x000001cbd1429000 JavaThread "main" [_thread_blocked, id=9204, stack(0x000000b8d1100000,0x000000b8d1200000)]
  0x000001cbed0c0800 JavaThread "Reference Handler" daemon [_thread_blocked, id=16796, stack(0x000000b8d1400000,0x000000b8d1500000)]
  0x000001cbed1e8800 JavaThread "Finalizer" daemon [_thread_blocked, id=15972, stack(0x000000b8d1500000,0x000000b8d1600000)]
  0x000001cbee490800 JavaThread "Signal Dispatcher" daemon [_thread_blocked, id=3744, stack(0x000000b8d1600000,0x000000b8d1700000)]
  0x000001cbee494800 JavaThread "Attach Listener" daemon [_thread_blocked, id=7396, stack(0x000000b8d1700000,0x000000b8d1800000)]
  0x000001cbee446800 JavaThread "C2 CompilerThread0" daemon [_thread_in_native, id=13092, stack(0x000000b8d1800000,0x000000b8d1900000)]
  0x000001cbee447800 JavaThread "C1 CompilerThread0" daemon [_thread_blocked, id=3424, stack(0x000000b8d1900000,0x000000b8d1a00000)]
  0x000001cbee449800 JavaThread "Sweeper thread" daemon [_thread_blocked, id=11036, stack(0x000000b8d1a00000,0x000000b8d1b00000)]
  0x000001cbee605000 JavaThread "Common-Cleaner" daemon [_thread_blocked, id=4048, stack(0x000000b8d1b00000,0x000000b8d1c00000)]
  0x000001cbee772000 JavaThread "Service Thread" daemon [_thread_blocked, id=16716, stack(0x000000b8d1d00000,0x000000b8d1e00000)]
=>0x000001cbee617000 JavaThread "C2 CompilerThread1" daemon [_thread_in_native, id=13544, stack(0x000000b8d1c00000,0x000000b8d1d00000)]
  0x000001cbf03a3800 JavaThread "Active Thread: Equinox Container: 36846048-4310-447e-bfb5-4e40de5c36fd" [_thread_blocked, id=3556, stack(0x000000b8d2000000,0x000000b8d2100000)]
  0x000001cbefa36800 JavaThread "Framework Event Dispatcher: Equinox Container: 36846048-4310-447e-bfb5-4e40de5c36fd" daemon [_thread_blocked, id=6508, stack(0x000000b8d2100000,0x000000b8d2200000)]
  0x000001cbf0454000 JavaThread "Start Level: Equinox Container: 36846048-4310-447e-bfb5-4e40de5c36fd" daemon [_thread_blocked, id=9732, stack(0x000000b8d2200000,0x000000b8d2300000)]
  0x000001cbefac3800 JavaThread "SCR Component Actor" daemon [_thread_blocked, id=14356, stack(0x000000b8d2600000,0x000000b8d2700000)]
  0x000001cbf046b800 JavaThread "Timer-0" daemon [_thread_blocked, id=12212, stack(0x000000b8d2700000,0x000000b8d2800000)]
  0x000001cbf0aa0000 JavaThread "Bundle File Closer" daemon [_thread_blocked, id=16476, stack(0x000000b8d2800000,0x000000b8d2900000)]
  0x000001cbef48e000 JavaThread "Worker-JM" [_thread_blocked, id=3312, stack(0x000000b8d1f00000,0x000000b8d2000000)]
  0x000001cbf0c77800 JavaThread "Worker-0: Initialize Workspace" [_thread_blocked, id=13208, stack(0x000000b8d2b00000,0x000000b8d2c00000)]
  0x000001cbf0ba9800 JavaThread "Worker-1: Repository registry initialization" [_thread_blocked, id=2212, stack(0x000000b8d2c00000,0x000000b8d2d00000)]
  0x000001cbf0e58800 JavaThread "Java indexing" daemon [_thread_blocked, id=15312, stack(0x000000b8d2d00000,0x000000b8d2e00000)]
  0x000001cbf0e59800 JavaThread "Worker-2" [_thread_blocked, id=9580, stack(0x000000b8d2e00000,0x000000b8d2f00000)]
  0x000001cbf0e5b000 JavaThread "logback configurator timer" daemon [_thread_blocked, id=6800, stack(0x000000b8d3200000,0x000000b8d3300000)]
  0x000001cbf0e5d000 JavaThread "pool-2-thread-1" [_thread_blocked, id=7080, stack(0x000000b8d3300000,0x000000b8d3400000)]
  0x000001cbf0e5a800 JavaThread "Worker-3: Updating Maven Dependencies" [_thread_blocked, id=16320, stack(0x000000b8d3400000,0x000000b8d3500000)]
  0x000001cbf0d99000 JavaThread "C2 CompilerThread2" daemon [_thread_in_native, id=11132, stack(0x000000b8d2f00000,0x000000b8d3000000)]
  0x000001cbf0e5c000 JavaThread "Worker-4: Register Watchers" [_thread_blocked, id=16888, stack(0x000000b8d3500000,0x000000b8d3600000)]

Other Threads:
  0x000001cbed0be000 VMThread "VM Thread" [stack: 0x000000b8d1300000,0x000000b8d1400000] [id=17560]
  0x000001cbee7b2800 WatcherThread [stack: 0x000000b8d1e00000,0x000000b8d1f00000] [id=17672]
  0x000001cbd1440800 GCTaskThread "ParGC Thread#0" [stack: 0x000000b8d1200000,0x000000b8d1300000] [id=8928]
  0x000001cbefa37000 GCTaskThread "ParGC Thread#1" [stack: 0x000000b8d2300000,0x000000b8d2400000] [id=14904]
  0x000001cbefad7800 GCTaskThread "ParGC Thread#2" [stack: 0x000000b8d2400000,0x000000b8d2500000] [id=11544]
  0x000001cbefad8800 GCTaskThread "ParGC Thread#3" [stack: 0x000000b8d2500000,0x000000b8d2600000] [id=14920]
  0x000001cbf0bae800 GCTaskThread "ParGC Thread#4" [stack: 0x000000b8d2900000,0x000000b8d2a00000] [id=13600]
  0x000001cbf0dba000 GCTaskThread "ParGC Thread#5" [stack: 0x000000b8d2a00000,0x000000b8d2b00000] [id=8580]
  0x000001cbf1252800 GCTaskThread "ParGC Thread#6" [stack: 0x000000b8d3000000,0x000000b8d3100000] [id=12432]
  0x000001cbf0748000 GCTaskThread "ParGC Thread#7" [stack: 0x000000b8d3100000,0x000000b8d3200000] [id=11656]

Threads with active compile tasks:
C2 CompilerThread0   3398 3680   !   4       org.eclipse.osgi.internal.loader.classpath.ClasspathManager::findClassImpl (308 bytes)
C1 CompilerThread0   3398 3906   !   2       com.google.gson.Gson::getAdapter (257 bytes)
C2 CompilerThread1   3398 3736       4       org.eclipse.osgi.internal.loader.BundleLoader::addExportedProvidersFor (167 bytes)
C2 CompilerThread2   3398 3783   !   4       sun.nio.cs.StreamDecoder::read (196 bytes)

VM state:at safepoint (normal execution)

VM Mutex/Monitor currently owned by a thread:  ([mutex/lock_event])
[0x000001cbd14265d0] Threads_lock - owner thread: 0x000001cbed0be000

Heap address: 0x00000000c0000000, size: 1024 MB, Compressed Oops mode: 32-bit
Narrow klass base: 0x0000000000000000, Narrow klass shift: 3
Compressed class space size: 1073741824 Address: 0x0000000100000000

Heap:
 PSYoungGen      total 21504K, used 18544K [0x00000000eab00000, 0x00000000ec380000, 0x0000000100000000)
  eden space 20992K, 86% used [0x00000000eab00000,0x00000000ebca4160,0x00000000ebf80000)
  from space 512K, 93% used [0x00000000ec300000,0x00000000ec378000,0x00000000ec380000)
  to   space 1536K, 0% used [0x00000000ec080000,0x00000000ec080000,0x00000000ec200000)
 ParOldGen       total 68608K, used 28132K [0x00000000c0000000, 0x00000000c4300000, 0x00000000eab00000)
  object space 68608K, 41% used [0x00000000c0000000,0x00000000c1b790d0,0x00000000c4300000)
 Metaspace       used 37861K, capacity 40062K, committed 40192K, reserved 1085440K
  class space    used 3809K, capacity 4551K, committed 4608K, reserved 1048576K

Card table byte_map: [0x000001cbea270000,0x000001cbea480000] _byte_map_base: 0x000001cbe9c70000

Marking Bits: (ParMarkBitMap*) 0x00007ffdf5a9f440
 Begin Bits: [0x000001cbea5e0000, 0x000001cbeb5e0000)
 End Bits:   [0x000001cbeb5e0000, 0x000001cbec5e0000)

Polling page: 0x000001cbd1510000

Metaspace:

Usage:
  Non-class:     34.68 MB capacity,    33.25 MB ( 96%) used,     1.35 MB (  4%) free+waste,    75.38 KB ( <1%) overhead. 
      Class:      4.44 MB capacity,     3.72 MB ( 84%) used,   705.21 KB ( 15%) free+waste,    36.38 KB ( <1%) overhead. 
       Both:     39.12 MB capacity,    36.97 MB ( 95%) used,     2.04 MB (  5%) free+waste,   111.75 KB ( <1%) overhead. 

Virtual space:
  Non-class space:       36.00 MB reserved,      34.75 MB ( 97%) committed 
      Class space:        1.00 GB reserved,       4.50 MB ( <1%) committed 
             Both:        1.04 GB reserved,      39.25 MB (  4%) committed 

Chunk freelists:
   Non-Class:  1.13 KB
       Class:  3.13 KB
        Both:  4.25 KB

CodeHeap 'non-profiled nmethods': size=120000Kb used=1532Kb max_used=1540Kb free=118467Kb
 bounds [0x000001cbe2b50000, 0x000001cbe2dc0000, 0x000001cbea080000]
CodeHeap 'profiled nmethods': size=120000Kb used=7352Kb max_used=7362Kb free=112647Kb
 bounds [0x000001cbdb620000, 0x000001cbdbd80000, 0x000001cbe2b50000]
CodeHeap 'non-nmethods': size=5760Kb used=1190Kb max_used=1237Kb free=4569Kb
 bounds [0x000001cbdb080000, 0x000001cbdb2f0000, 0x000001cbdb620000]
 total_blobs=3872 nmethods=3330 adapters=455
 compilation: enabled
              stopped_count=0, restarted_count=0
 full_count=0

Compilation events (10 events):
Event: 3.331 Thread 0x000001cbee447800 3897       2       java.io.DataOutputStream::<init> (19 bytes)
Event: 3.332 Thread 0x000001cbee447800 nmethod 3897 0x000001cbdbc35010 code [0x000001cbdbc351c0, 0x000001cbdbc35458]
Event: 3.332 Thread 0x000001cbee447800 3898       2       java.lang.ClassLoader::getClassLoader (11 bytes)
Event: 3.332 Thread 0x000001cbee447800 nmethod 3898 0x000001cbdbb29b90 code [0x000001cbdbb29d40, 0x000001cbdbb29e98]
Event: 3.332 Thread 0x000001cbee447800 3899       2       org.eclipse.sisu.space.asm.ClassReader::readUTF (193 bytes)
Event: 3.332 Thread 0x000001cbee447800 nmethod 3899 0x000001cbdbc36710 code [0x000001cbdbc368e0, 0x000001cbdbc36d20]
Event: 3.333 Thread 0x000001cbee447800 3900       2       org.eclipse.sisu.space.asm.ClassReader::readUTF8 (60 bytes)
Event: 3.334 Thread 0x000001cbee447800 nmethod 3900 0x000001cbdbc35f10 code [0x000001cbdbc360e0, 0x000001cbdbc36490]
Event: 3.334 Thread 0x000001cbee447800 3901       2       java.lang.Throwable::<init> (29 bytes)
Event: 3.334 Thread 0x000001cbee447800 nmethod 3901 0x000001cbdbc39a90 code [0x000001cbdbc39c40, 0x000001cbdbc39e10]

GC Heap History (10 events):
Event: 2.800 GC heap before
{Heap before GC invocations=10 (full 2):
 PSYoungGen      total 28672K, used 28646K [0x00000000eab00000, 0x00000000ece80000, 0x0000000100000000)
  eden space 23040K, 100% used [0x00000000eab00000,0x00000000ec180000,0x00000000ec180000)
  from space 5632K, 99% used [0x00000000ec200000,0x00000000ec779908,0x00000000ec780000)
  to   space 6656K, 0% used [0x00000000ec800000,0x00000000ec800000,0x00000000ece80000)
 ParOldGen       total 68608K, used 13903K [0x00000000c0000000, 0x00000000c4300000, 0x00000000eab00000)
  object space 68608K, 20% used [0x00000000c0000000,0x00000000c0d93f18,0x00000000c4300000)
 Metaspace       used 34627K, capacity 36809K, committed 36992K, reserved 1081344K
  class space    used 3425K, capacity 4151K, committed 4224K, reserved 1048576K
}
Event: 2.808 GC heap after
{Heap after GC invocations=10 (full 2):
 PSYoungGen      total 27648K, used 6624K [0x00000000eab00000, 0x00000000ed200000, 0x0000000100000000)
  eden space 20992K, 0% used [0x00000000eab00000,0x00000000eab00000,0x00000000ebf80000)
  from space 6656K, 99% used [0x00000000ec800000,0x00000000ece78010,0x00000000ece80000)
  to   space 8704K, 0% used [0x00000000ebf80000,0x00000000ebf80000,0x00000000ec800000)
 ParOldGen       total 68608K, used 15180K [0x00000000c0000000, 0x00000000c4300000, 0x00000000eab00000)
  object space 68608K, 22% used [0x00000000c0000000,0x00000000c0ed32c8,0x00000000c4300000)
 Metaspace       used 34627K, capacity 36809K, committed 36992K, reserved 1081344K
  class space    used 3425K, capacity 4151K, committed 4224K, reserved 1048576K
}
Event: 2.827 GC heap before
{Heap before GC invocations=11 (full 2):
 PSYoungGen      total 27648K, used 27616K [0x00000000eab00000, 0x00000000ed200000, 0x0000000100000000)
  eden space 20992K, 100% used [0x00000000eab00000,0x00000000ebf80000,0x00000000ebf80000)
  from space 6656K, 99% used [0x00000000ec800000,0x00000000ece78010,0x00000000ece80000)
  to   space 8704K, 0% used [0x00000000ebf80000,0x00000000ebf80000,0x00000000ec800000)
 ParOldGen       total 68608K, used 15180K [0x00000000c0000000, 0x00000000c4300000, 0x00000000eab00000)
  object space 68608K, 22% used [0x00000000c0000000,0x00000000c0ed32c8,0x00000000c4300000)
 Metaspace       used 34634K, capacity 36809K, committed 36992K, reserved 1081344K
  class space    used 3425K, capacity 4151K, committed 4224K, reserved 1048576K
}
Event: 2.832 GC heap after
{Heap after GC invocations=11 (full 2):
 PSYoungGen      total 26624K, used 5600K [0x00000000eab00000, 0x00000000ecc80000, 0x0000000100000000)
  eden space 20992K, 0% used [0x00000000eab00000,0x00000000eab00000,0x00000000ebf80000)
  from space 5632K, 99% used [0x00000000ebf80000,0x00000000ec4f8020,0x00000000ec500000)
  to   space 6656K, 0% used [0x00000000ec600000,0x00000000ec600000,0x00000000ecc80000)
 ParOldGen       total 68608K, used 18336K [0x00000000c0000000, 0x00000000c4300000, 0x00000000eab00000)
  object space 68608K, 26% used [0x00000000c0000000,0x00000000c11e82e8,0x00000000c4300000)
 Metaspace       used 34634K, capacity 36809K, committed 36992K, reserved 1081344K
  class space    used 3425K, capacity 4151K, committed 4224K, reserved 1048576K
}
Event: 2.855 GC heap before
{Heap before GC invocations=12 (full 2):
 PSYoungGen      total 26624K, used 26592K [0x00000000eab00000, 0x00000000ecc80000, 0x0000000100000000)
  eden space 20992K, 100% used [0x00000000eab00000,0x00000000ebf80000,0x00000000ebf80000)
  from space 5632K, 99% used [0x00000000ebf80000,0x00000000ec4f8020,0x00000000ec500000)
  to   space 6656K, 0% used [0x00000000ec600000,0x00000000ec600000,0x00000000ecc80000)
 ParOldGen       total 68608K, used 18336K [0x00000000c0000000, 0x00000000c4300000, 0x00000000eab00000)
  object space 68608K, 26% used [0x00000000c0000000,0x00000000c11e82e8,0x00000000c4300000)
 Metaspace       used 34634K, capacity 36809K, committed 36992K, reserved 1081344K
  class space    used 3425K, capacity 4151K, committed 4224K, reserved 1048576K
}
Event: 2.859 GC heap after
{Heap after GC invocations=12 (full 2):
 PSYoungGen      total 25088K, used 3936K [0x00000000eab00000, 0x00000000eca00000, 0x0000000100000000)
  eden space 20992K, 0% used [0x00000000eab00000,0x00000000eab00000,0x00000000ebf80000)
  from space 4096K, 96% used [0x00000000ec600000,0x00000000ec9d8010,0x00000000eca00000)
  to   space 5120K, 0% used [0x00000000ec000000,0x00000000ec000000,0x00000000ec500000)
 ParOldGen       total 68608K, used 21905K [0x00000000c0000000, 0x00000000c4300000, 0x00000000eab00000)
  object space 68608K, 31% used [0x00000000c0000000,0x00000000c15644e8,0x00000000c4300000)
 Metaspace       used 34634K, capacity 36809K, committed 36992K, reserved 1081344K
  class space    used 3425K, capacity 4151K, committed 4224K, reserved 1048576K
}
Event: 2.889 GC heap before
{Heap before GC invocations=13 (full 2):
 PSYoungGen      total 25088K, used 24928K [0x00000000eab00000, 0x00000000eca00000, 0x0000000100000000)
  eden space 20992K, 100% used [0x00000000eab00000,0x00000000ebf80000,0x00000000ebf80000)
  from space 4096K, 96% used [0x00000000ec600000,0x00000000ec9d8010,0x00000000eca00000)
  to   space 5120K, 0% used [0x00000000ec000000,0x00000000ec000000,0x00000000ec500000)
 ParOldGen       total 68608K, used 21905K [0x00000000c0000000, 0x00000000c4300000, 0x00000000eab00000)
  object space 68608K, 31% used [0x00000000c0000000,0x00000000c15644e8,0x00000000c4300000)
 Metaspace       used 34721K, capacity 36947K, committed 37248K, reserved 1083392K
  class space    used 3431K, capacity 4154K, committed 4224K, reserved 1048576K
}
Event: 2.894 GC heap after
{Heap after GC invocations=13 (full 2):
 PSYoungGen      total 23552K, used 2464K [0x00000000eab00000, 0x00000000ec680000, 0x0000000100000000)
  eden space 20992K, 0% used [0x00000000eab00000,0x00000000eab00000,0x00000000ebf80000)
  from space 2560K, 96% used [0x00000000ec000000,0x00000000ec268000,0x00000000ec280000)
  to   space 3584K, 0% used [0x00000000ec300000,0x00000000ec300000,0x00000000ec680000)
 ParOldGen       total 68608K, used 25767K [0x00000000c0000000, 0x00000000c4300000, 0x00000000eab00000)
  object space 68608K, 37% used [0x00000000c0000000,0x00000000c1929d78,0x00000000c4300000)
 Metaspace       used 34721K, capacity 36947K, committed 37248K, reserved 1083392K
  class space    used 3431K, capacity 4154K, committed 4224K, reserved 1048576K
}
Event: 3.195 GC heap before
{Heap before GC invocations=14 (full 2):
 PSYoungGen      total 23552K, used 23456K [0x00000000eab00000, 0x00000000ec680000, 0x0000000100000000)
  eden space 20992K, 100% used [0x00000000eab00000,0x00000000ebf80000,0x00000000ebf80000)
  from space 2560K, 96% used [0x00000000ec000000,0x00000000ec268000,0x00000000ec280000)
  to   space 3584K, 0% used [0x00000000ec300000,0x00000000ec300000,0x00000000ec680000)
 ParOldGen       total 68608K, used 25767K [0x00000000c0000000, 0x00000000c4300000, 0x00000000eab00000)
  object space 68608K, 37% used [0x00000000c0000000,0x00000000c1929d78,0x00000000c4300000)
 Metaspace       used 36697K, capacity 38868K, committed 39040K, reserved 1083392K
  class space    used 3674K, capacity 4452K, committed 4480K, reserved 1048576K
}
Event: 3.198 GC heap after
{Heap after GC invocations=14 (full 2):
 PSYoungGen      total 21504K, used 480K [0x00000000eab00000, 0x00000000ec380000, 0x0000000100000000)
  eden space 20992K, 0% used [0x00000000eab00000,0x00000000eab00000,0x00000000ebf80000)
  from space 512K, 93% used [0x00000000ec300000,0x00000000ec378000,0x00000000ec380000)
  to   space 1536K, 0% used [0x00000000ec080000,0x00000000ec080000,0x00000000ec200000)
 ParOldGen       total 68608K, used 28132K [0x00000000c0000000, 0x00000000c4300000, 0x00000000eab00000)
  object space 68608K, 41% used [0x00000000c0000000,0x00000000c1b790d0,0x00000000c4300000)
 Metaspace       used 36697K, capacity 38868K, committed 39040K, reserved 1083392K
  class space    used 3674K, capacity 4452K, committed 4480K, reserved 1048576K
}

Deoptimization events (10 events):
Event: 3.292 Thread 0x000001cbf0e5a800 Uncommon trap: reason=profile_predicate action=maybe_recompile pc=0x000001cbe2cbe300 method=java.util.regex.Pattern$CharPropertyGreedy.match(Ljava/util/regex/Matcher;ILjava/lang/CharSequence;)Z @ 70 c2
Event: 3.292 Thread 0x000001cbf0e5a800 Uncommon trap: reason=profile_predicate action=maybe_recompile pc=0x000001cbe2cbe300 method=java.util.regex.Pattern$CharPropertyGreedy.match(Ljava/util/regex/Matcher;ILjava/lang/CharSequence;)Z @ 70 c2
Event: 3.293 Thread 0x000001cbf0e5a800 Uncommon trap: reason=class_check action=maybe_recompile pc=0x000001cbe2c857cc method=java.util.regex.Matcher.getTextLength()I @ 4 c2
Event: 3.293 Thread 0x000001cbf0e5a800 Uncommon trap: reason=profile_predicate action=maybe_recompile pc=0x000001cbe2cbe300 method=java.util.regex.Pattern$CharPropertyGreedy.match(Ljava/util/regex/Matcher;ILjava/lang/CharSequence;)Z @ 70 c2
Event: 3.293 Thread 0x000001cbf0e5a800 Uncommon trap: reason=profile_predicate action=maybe_recompile pc=0x000001cbe2cbe300 method=java.util.regex.Pattern$CharPropertyGreedy.match(Ljava/util/regex/Matcher;ILjava/lang/CharSequence;)Z @ 70 c2
Event: 3.302 Thread 0x000001cbf0e5a800 Uncommon trap: reason=class_check action=maybe_recompile pc=0x000001cbe2ccab48 method=java.util.regex.Matcher.getTextLength()I @ 4 c2
Event: 3.320 Thread 0x000001cbf0e5a800 Uncommon trap: reason=class_check action=maybe_recompile pc=0x000001cbe2ccbedc method=java.util.regex.Matcher.match(II)Z @ 121 c2
Event: 3.320 Thread 0x000001cbf0e5a800 Uncommon trap: reason=class_check action=maybe_recompile pc=0x000001cbe2ccbedc method=java.util.regex.Matcher.match(II)Z @ 121 c2
Event: 3.320 Thread 0x000001cbf0e5a800 Uncommon trap: reason=class_check action=maybe_recompile pc=0x000001cbe2ccbedc method=java.util.regex.Matcher.match(II)Z @ 121 c2
Event: 3.320 Thread 0x000001cbf0e5a800 Uncommon trap: reason=class_check action=maybe_recompile pc=0x000001cbe2ccbedc method=java.util.regex.Matcher.match(II)Z @ 121 c2

Classes redefined (0 events):
No events

Internal exceptions (10 events):
Event: 3.331 Thread 0x000001cbf0c77800 Exception <a 'sun/nio/fs/WindowsException'{0x00000000ebb8be48}> (0x00000000ebb8be48) thrown at [./open/src/hotspot/share/prims/jni.cpp, line 611]
Event: 3.332 Thread 0x000001cbf0c77800 Exception <a 'sun/nio/fs/WindowsException'{0x00000000ebb90988}> (0x00000000ebb90988) thrown at [./open/src/hotspot/share/prims/jni.cpp, line 611]
Event: 3.332 Thread 0x000001cbf0c77800 Exception <a 'sun/nio/fs/WindowsException'{0x00000000ebb957e8}> (0x00000000ebb957e8) thrown at [./open/src/hotspot/share/prims/jni.cpp, line 611]
Event: 3.333 Thread 0x000001cbf0c77800 Exception <a 'sun/nio/fs/WindowsException'{0x00000000ebb9a3b8}> (0x00000000ebb9a3b8) thrown at [./open/src/hotspot/share/prims/jni.cpp, line 611]
Event: 3.333 Thread 0x000001cbf0c77800 Exception <a 'sun/nio/fs/WindowsException'{0x00000000ebb9ece0}> (0x00000000ebb9ece0) thrown at [./open/src/hotspot/share/prims/jni.cpp, line 611]
Event: 3.334 Thread 0x000001cbf0c77800 Exception <a 'sun/nio/fs/WindowsException'{0x00000000ebba3540}> (0x00000000ebba3540) thrown at [./open/src/hotspot/share/prims/jni.cpp, line 611]
Event: 3.334 Thread 0x000001cbf0c77800 Exception <a 'sun/nio/fs/WindowsException'{0x00000000ebba7b18}> (0x00000000ebba7b18) thrown at [./open/src/hotspot/share/prims/jni.cpp, line 611]
Event: 3.335 Thread 0x000001cbf0c77800 Exception <a 'sun/nio/fs/WindowsException'{0x00000000ebbac598}> (0x00000000ebbac598) thrown at [./open/src/hotspot/share/prims/jni.cpp, line 611]
Event: 3.335 Thread 0x000001cbf0c77800 Exception <a 'sun/nio/fs/WindowsException'{0x00000000ebbb0b18}> (0x00000000ebbb0b18) thrown at [./open/src/hotspot/share/prims/jni.cpp, line 611]
Event: 3.336 Thread 0x000001cbf0c77800 Exception <a 'sun/nio/fs/WindowsException'{0x00000000ebc1fdf0}> (0x00000000ebc1fdf0) thrown at [./open/src/hotspot/share/prims/jni.cpp, line 611]

Events (10 events):
Event: 3.323 Thread 0x000001cbf0c77800 DEOPT PACKING pc=0x000001cbdbc4d039 sp=0x000000b8d2bfe710
Event: 3.323 Thread 0x000001cbf0c77800 DEOPT UNPACKING pc=0x000001cbdb0a854e sp=0x000000b8d2bfdc30 mode 0
Event: 3.324 Thread 0x000001cbf0c77800 DEOPT PACKING pc=0x000001cbdbbd7187 sp=0x000000b8d2bfe960
Event: 3.324 Thread 0x000001cbf0c77800 DEOPT UNPACKING pc=0x000001cbdb0a854e sp=0x000000b8d2bfde20 mode 0
Event: 3.326 Thread 0x000001cbf0c77800 DEOPT PACKING pc=0x000001cbdbbd7140 sp=0x000000b8d2bfe960
Event: 3.326 Thread 0x000001cbf0c77800 DEOPT UNPACKING pc=0x000001cbdb0a854e sp=0x000000b8d2bfde20 mode 0
Event: 3.329 Thread 0x000001cbf0c77800 DEOPT PACKING pc=0x000001cbdbbd7187 sp=0x000000b8d2bfe960
Event: 3.329 Thread 0x000001cbf0c77800 DEOPT UNPACKING pc=0x000001cbdb0a854e sp=0x000000b8d2bfde20 mode 0
Event: 3.333 Thread 0x000001cbf0c77800 DEOPT PACKING pc=0x000001cbdbbd7187 sp=0x000000b8d2bfe960
Event: 3.333 Thread 0x000001cbf0c77800 DEOPT UNPACKING pc=0x000001cbdb0a854e sp=0x000000b8d2bfde20 mode 0


Dynamic libraries:
0x00007ff769e60000 - 0x00007ff769e6f000 	C:\Program Files\Java\jdk-11.0.9\bin\java.exe
0x00007ffe3e7b0000 - 0x00007ffe3e9a6000 	C:\WINDOWS\SYSTEM32\ntdll.dll
0x00007ffe3dbf0000 - 0x00007ffe3dcad000 	C:\WINDOWS\System32\KERNEL32.DLL
0x00007ffe3c100000 - 0x00007ffe3c3c8000 	C:\WINDOWS\System32\KERNELBASE.dll
0x00007ffe3c000000 - 0x00007ffe3c100000 	C:\WINDOWS\System32\ucrtbase.dll
0x00007ffe291b0000 - 0x00007ffe291c5000 	C:\Program Files\Java\jdk-11.0.9\bin\VCRUNTIME140.dll
0x00007ffe29c90000 - 0x00007ffe29ca8000 	C:\Program Files\Java\jdk-11.0.9\bin\jli.dll
0x00007ffe3e6c0000 - 0x00007ffe3e76c000 	C:\WINDOWS\System32\ADVAPI32.dll
0x00007ffe3cfc0000 - 0x00007ffe3d05e000 	C:\WINDOWS\System32\msvcrt.dll
0x00007ffe3d780000 - 0x00007ffe3d81b000 	C:\WINDOWS\System32\sechost.dll
0x00007ffe3e2c0000 - 0x00007ffe3e3e4000 	C:\WINDOWS\System32\RPCRT4.dll
0x00007ffe3d0f0000 - 0x00007ffe3d290000 	C:\WINDOWS\System32\USER32.dll
0x00007ffe3c730000 - 0x00007ffe3c752000 	C:\WINDOWS\System32\win32u.dll
0x00007ffe28e00000 - 0x00007ffe2909b000 	C:\WINDOWS\WinSxS\amd64_microsoft.windows.common-controls_6595b64144ccf1df_6.0.19041.488_none_ca04af081b815d21\COMCTL32.dll
0x00007ffe3e550000 - 0x00007ffe3e57a000 	C:\WINDOWS\System32\GDI32.dll
0x00007ffe3bef0000 - 0x00007ffe3bff9000 	C:\WINDOWS\System32\gdi32full.dll
0x00007ffe3c3d0000 - 0x00007ffe3c46d000 	C:\WINDOWS\System32\msvcp_win.dll
0x00007ffe35c40000 - 0x00007ffe35c4a000 	C:\WINDOWS\SYSTEM32\VERSION.dll
0x00007ffe3d290000 - 0x00007ffe3d2c0000 	C:\WINDOWS\System32\IMM32.DLL
0x00007ffe070d0000 - 0x00007ffe0716b000 	C:\Program Files\Java\jdk-11.0.9\bin\msvcp140.dll
0x00007ffdf5060000 - 0x00007ffdf5b57000 	C:\Program Files\Java\jdk-11.0.9\bin\server\jvm.dll
0x00007ffe3d430000 - 0x00007ffe3d438000 	C:\WINDOWS\System32\PSAPI.DLL
0x00007ffe20a50000 - 0x00007ffe20a59000 	C:\WINDOWS\SYSTEM32\WSOCK32.dll
0x00007ffe2b2c0000 - 0x00007ffe2b2e7000 	C:\WINDOWS\SYSTEM32\WINMM.dll
0x00007ffe3e250000 - 0x00007ffe3e2bb000 	C:\WINDOWS\System32\WS2_32.dll
0x00007ffe39e90000 - 0x00007ffe39ea2000 	C:\WINDOWS\SYSTEM32\kernel.appcore.dll
0x00007ffe2bbe0000 - 0x00007ffe2bbf0000 	C:\Program Files\Java\jdk-11.0.9\bin\verify.dll
0x00007ffe39ae0000 - 0x00007ffe39cc4000 	C:\WINDOWS\SYSTEM32\DBGHELP.DLL
0x00007ffe1fa40000 - 0x00007ffe1fa6c000 	C:\WINDOWS\SYSTEM32\dbgcore.DLL
0x00007ffe3c760000 - 0x00007ffe3c7df000 	C:\WINDOWS\System32\bcryptPrimitives.dll
0x00007ffe262e0000 - 0x00007ffe26308000 	C:\Program Files\Java\jdk-11.0.9\bin\java.dll
0x00007ffe2bbb0000 - 0x00007ffe2bbba000 	C:\Program Files\Java\jdk-11.0.9\bin\jimage.dll
0x00007ffe28410000 - 0x00007ffe28426000 	C:\Program Files\Java\jdk-11.0.9\bin\zip.dll
0x00007ffe3c870000 - 0x00007ffe3cfb1000 	C:\WINDOWS\System32\SHELL32.dll
0x00007ffe3a000000 - 0x00007ffe3a795000 	C:\WINDOWS\SYSTEM32\windows.storage.dll
0x00007ffe3d820000 - 0x00007ffe3db75000 	C:\WINDOWS\System32\combase.dll
0x00007ffe3b820000 - 0x00007ffe3b84c000 	C:\WINDOWS\SYSTEM32\Wldp.dll
0x00007ffe3d520000 - 0x00007ffe3d5ce000 	C:\WINDOWS\System32\SHCORE.dll
0x00007ffe3c810000 - 0x00007ffe3c865000 	C:\WINDOWS\System32\shlwapi.dll
0x00007ffe3be20000 - 0x00007ffe3be46000 	C:\WINDOWS\SYSTEM32\profapi.dll
0x00007ffe277b0000 - 0x00007ffe277c9000 	C:\Program Files\Java\jdk-11.0.9\bin\net.dll
0x00007ffe34430000 - 0x00007ffe34530000 	C:\WINDOWS\SYSTEM32\WINHTTP.dll
0x00007ffe3b5b0000 - 0x00007ffe3b61a000 	C:\WINDOWS\system32\mswsock.dll
0x00007ffe275f0000 - 0x00007ffe27602000 	C:\Program Files\Java\jdk-11.0.9\bin\nio.dll
0x00007ffe3b860000 - 0x00007ffe3b878000 	C:\WINDOWS\SYSTEM32\CRYPTSP.dll
0x00007ffe3af60000 - 0x00007ffe3af94000 	C:\WINDOWS\system32\rsaenh.dll
0x00007ffe3c7e0000 - 0x00007ffe3c807000 	C:\WINDOWS\System32\bcrypt.dll
0x00007ffe3bde0000 - 0x00007ffe3be0e000 	C:\WINDOWS\SYSTEM32\USERENV.dll
0x00007ffe3b790000 - 0x00007ffe3b79c000 	C:\WINDOWS\SYSTEM32\CRYPTBASE.dll
0x00007ffe3b2c0000 - 0x00007ffe3b2fb000 	C:\WINDOWS\SYSTEM32\IPHLPAPI.DLL
0x00007ffe3dbe0000 - 0x00007ffe3dbe8000 	C:\WINDOWS\System32\NSI.dll
0x00007ffe32b80000 - 0x00007ffe32b97000 	C:\WINDOWS\SYSTEM32\dhcpcsvc6.DLL
0x00007ffe2f8a0000 - 0x00007ffe2f8bd000 	C:\WINDOWS\SYSTEM32\dhcpcsvc.DLL
0x00007ffe3b350000 - 0x00007ffe3b41b000 	C:\WINDOWS\SYSTEM32\DNSAPI.dll
0x00007ffe267b0000 - 0x00007ffe267da000 	C:\Users\ssij\AppData\Roaming\Code\User\globalStorage\redhat.java\0.71.0\config_win\org.eclipse.equinox.launcher\org.eclipse.equinox.launcher.win32.win32.x86_64_1.2.0.v20200915-1442\eclipse_11100.dll
0x00007ffe2f380000 - 0x00007ffe2f391000 	C:\Users\ssij\AppData\Roaming\Code\User\globalStorage\redhat.java\0.71.0\config_win\org.eclipse.osgi\24\0\.cp\jWinHttp-1.0.0.dll
0x00007ffe3dcb0000 - 0x00007ffe3ddda000 	C:\WINDOWS\System32\ole32.dll

dbghelp: loaded successfully - version: 4.0.5 - missing functions: none
symbol engine: initialized successfully - sym options: 0x614 - pdb path: .;C:\Program Files\Java\jdk-11.0.9\bin;C:\WINDOWS\SYSTEM32;C:\WINDOWS\WinSxS\amd64_microsoft.windows.common-controls_6595b64144ccf1df_6.0.19041.488_none_ca04af081b815d21;C:\Program Files\Java\jdk-11.0.9\bin\server;C:\Users\ssij\AppData\Roaming\Code\User\globalStorage\redhat.java\0.71.0\config_win\org.eclipse.equinox.launcher\org.eclipse.equinox.launcher.win32.win32.x86_64_1.2.0.v20200915-1442;C:\Users\ssij\AppData\Roaming\Code\User\globalStorage\redhat.java\0.71.0\config_win\org.eclipse.osgi\24\0\.cp

VM Arguments:
jvm_args: --add-modules=ALL-SYSTEM --add-opens=java.base/java.util=ALL-UNNAMED --add-opens=java.base/java.lang=ALL-UNNAMED -Declipse.application=org.eclipse.jdt.ls.core.id1 -Dosgi.bundles.defaultStartLevel=4 -Declipse.product=org.eclipse.jdt.ls.core.product -Dfile.encoding=utf8 -DwatchParentProcess=false -XX:+UseParallelGC -XX:GCTimeRatio=4 -XX:AdaptiveSizePolicyWeight=90 -Dsun.zip.disableMemoryMapping=true -Xmx1G -Xms100m -Xverify:none 
java_command: c:\Users\ssij\.vscode\extensions\redhat.java-0.71.0\server\plugins\org.eclipse.equinox.launcher_1.6.0.v20200915-1508.jar -configuration c:\Users\ssij\AppData\Roaming\Code\User\globalStorage\redhat.java\0.71.0\config_win -data c:\Users\ssij\AppData\Roaming\Code\User\workspaceStorage\ce9bd1c2a904ba55425b1d37feee0edb\redhat.java\jdt_ws
java_class_path (initial): c:\Users\ssij\.vscode\extensions\redhat.java-0.71.0\server\plugins\org.eclipse.equinox.launcher_1.6.0.v20200915-1508.jar
Launcher Type: SUN_STANDARD

[Global flags]
    uintx AdaptiveSizePolicyWeight                 = 90                                        {product} {command line}
     bool BytecodeVerificationLocal                = false                                     {product} {command line}
     bool BytecodeVerificationRemote               = false                                     {product} {command line}
     intx CICompilerCount                          = 4                                         {product} {ergonomic}
    uintx GCTimeRatio                              = 4                                         {product} {command line}
   size_t InitialHeapSize                          = 104857600                                 {product} {command line}
   size_t MaxHeapSize                              = 1073741824                                {product} {command line}
   size_t MaxNewSize                               = 357564416                                 {product} {ergonomic}
   size_t MinHeapDeltaBytes                        = 524288                                    {product} {ergonomic}
   size_t NewSize                                  = 34603008                                  {product} {ergonomic}
    uintx NonNMethodCodeHeapSize                   = 5836300                                {pd product} {ergonomic}
    uintx NonProfiledCodeHeapSize                  = 122910970                              {pd product} {ergonomic}
   size_t OldSize                                  = 70254592                                  {product} {ergonomic}
    uintx ProfiledCodeHeapSize                     = 122910970                              {pd product} {ergonomic}
    uintx ReservedCodeCacheSize                    = 251658240                              {pd product} {ergonomic}
     bool SegmentedCodeCache                       = true                                      {product} {ergonomic}
     bool UseCompressedClassPointers               = true                                 {lp64_product} {ergonomic}
     bool UseCompressedOops                        = true                                 {lp64_product} {ergonomic}
     bool UseLargePagesIndividualAllocation        = false                                  {pd product} {ergonomic}
     bool UseParallelGC                            = true                                      {product} {command line}

Logging:
Log output configuration:
 #0: stdout all=warning uptime,level,tags
 #1: stderr all=off uptime,level,tags

Environment Variables:
JAVA_HOME=C:\Program Files\Java\jdk-11.0.9\bin
PATH=C:\Program Files\Common Files\Oracle\Java\javapath;C:\Program Files (x86)\Common Files\Oracle\Java\javapath;C:\ProgramData\Oracle\Java\javapath;C:\WINDOWS\system32;C:\WINDOWS;C:\WINDOWS\System32\Wbem;C:\WINDOWS\System32\WindowsPowerShell\v1.0\;C:\WINDOWS\System32\OpenSSH\;C:\Program Files\Java\jdk-11.0.9\bin;F:\Program Files\nodejs\;C:\Program Files (x86)\Yarn\bin\;F:\Program Files\Git\cmd;C:\Program Files\dotnet\;C:\WINDOWS\system32;C:\WINDOWS;C:\WINDOWS\System32\Wbem;C:\WINDOWS\System32\WindowsPowerShell\v1.0\;C:\WINDOWS\System32\OpenSSH\;C:\Program Files\Microsoft SQL Server\130\Tools\Binn\;C:\Program Files\Microsoft SQL Server\Client SDK\ODBC\170\Tools\Binn\;C:\Users\ssij\Desktop\apache-maven-3.6.3\bin;;C:\Program Files (x86)\NVIDIA Corporation\PhysX\Common;C:\Program Files\NVIDIA Corporation\NVIDIA NvDLISR;C:\Program Files\Docker\Docker\resources\bin;C:\ProgramData\DockerDesktop\version-bin;C:\ProgramData\chocolatey\bin;F:\Program Files\PuTTY\;C:\Users\ssij\AppData\Local\Programs\Python\Python38\Scripts\;C:\Users\ssij\AppData\Local\Programs\Python\Python38\;C:\Users\ssij\AppData\Local\Microsoft\WindowsApps;C:\Users\ssij\AppData\Roaming\npm;C:\Users\ssij\AppData\Local\Programs\Microsoft VS Code\bin;C:\Users\ssij\AppData\Local\Yarn\bin;C:\Users\ssij\Desktop\Spark\spark-3.0.0-bin-hadoop3.2\bin;C:\Users\ssij\Desktop\hadoop\bin;C:\Users\ssij\Desktop\Spark\spark-3.0.0-bin-hadoop3.2\python;C:\Users\ssij\Desktop\Spark\spark-3.0.0-bin-hadoop3.2\python\lib\py4j-0.10.9-src.zip;C:\Users\ssij\.dotnet\tools;C:\Users\ssij\Desktop\apache-maven-3.6.3\bin;C:\tools\dart-sdk\bin;C:\Users\ssij\AppData\Roaming\Pub\Cache\bin;
USERNAME=ssij
OS=Windows_NT
PROCESSOR_IDENTIFIER=Intel64 Family 6 Model 158 Stepping 10, GenuineIntel



---------------  S Y S T E M  ---------------

OS: Windows 10 , 64 bit Build 19041 (10.0.19041.546)
HyperV virtualization detected

CPU:total 8 (initial active 8) (4 cores per cpu, 2 threads per core) family 6 model 158 stepping 10, cmov, cx8, fxsr, mmx, sse, sse2, sse3, ssse3, sse4.1, sse4.2, popcnt, avx, avx2, aes, clmul, erms, 3dnowpref, lzcnt, ht, tsc, tscinvbit, bmi1, bmi2, adx, fma

Memory: 4k page, system-wide physical 8034M (1437M free)
TotalPageFile size 12130M (AvailPageFile size 2M)
current process WorkingSet (physical memory assigned to process): 183M, peak: 183M
current process commit charge ("private bytes"): 274M, peak: 274M

vm_info: Java HotSpot(TM) 64-Bit Server VM (11.0.9+7-LTS) for windows-amd64 JRE (11.0.9+7-LTS), built on Sep 15 2020 16:47:03 by "mach5one" with MS VC++ 15.9 (VS2017)

END.
