#
# There is insufficient memory for the Java Runtime Environment to continue.
# Native memory allocation (malloc) failed to allocate 32744 bytes for ChunkPool::allocate
# Possible reasons:
#   The system is out of physical RAM or swap space
#   The process is running with CompressedOops enabled, and the Java Heap may be blocking the growth of the native heap
# Possible solutions:
#   Reduce memory load on the system
#   Increase physical memory or swap space
#   Check if swap backing store is full
#   Decrease Java heap size (-Xmx/-Xms)
#   Decrease number of Java threads
#   Decrease Java thread stack sizes (-Xss)
#   Set larger code cache with -XX:ReservedCodeCacheSize=
#   JVM is running with Unscaled Compressed Oops mode in which the Java heap is
#     placed in the first 4GB address space. The Java Heap base address is the
#     maximum limit for the native heap growth. Please use -XX:HeapBaseMinAddress
#     to set the Java Heap base and to place the Java Heap above 4GB virtual address.
# This output file may be truncated or incomplete.
#
#  Out of Memory Error (./open/src/hotspot/share/memory/arena.cpp:81), pid=8976, tid=16448
#
# JRE version: Java(TM) SE Runtime Environment 18.9 (11.0.9+7) (build 11.0.9+7-LTS)
# Java VM: Java HotSpot(TM) 64-Bit Server VM 18.9 (11.0.9+7-LTS, mixed mode, tiered, compressed oops, parallel gc, windows-amd64)
# No core dump will be written. Minidumps are not enabled by default on client versions of Windows
#

---------------  S U M M A R Y ------------

Command Line: --add-modules=ALL-SYSTEM --add-opens=java.base/java.util=ALL-UNNAMED --add-opens=java.base/java.lang=ALL-UNNAMED -Declipse.application=org.eclipse.jdt.ls.core.id1 -Dosgi.bundles.defaultStartLevel=4 -Declipse.product=org.eclipse.jdt.ls.core.product -Dfile.encoding=utf8 -DwatchParentProcess=false -XX:+UseParallelGC -XX:GCTimeRatio=4 -XX:AdaptiveSizePolicyWeight=90 -Dsun.zip.disableMemoryMapping=true -Xmx1G -Xms100m -Xverify:none c:\Users\ssij\.vscode\extensions\redhat.java-0.71.0\server\plugins\org.eclipse.equinox.launcher_1.6.0.v20200915-1508.jar -configuration c:\Users\ssij\AppData\Roaming\Code\User\globalStorage\redhat.java\0.71.0\config_win -data c:\Users\ssij\AppData\Roaming\Code\User\workspaceStorage\ce9bd1c2a904ba55425b1d37feee0edb\redhat.java\jdt_ws

Host: Intel(R) Core(TM) i5-8300H CPU @ 2.30GHz, 8 cores, 7G,  Windows 10 , 64 bit Build 19041 (10.0.19041.546)
Time: Sat Nov 21 20:44:49 2020 Центральная Азия (зима) elapsed time: 3.796858 seconds (0d 0h 0m 3s)

---------------  T H R E A D  ---------------

Current thread (0x000001e51b191800):  JavaThread "Worker-1: Repository registry initialization" [_thread_in_vm, id=16448, stack(0x0000002d80900000,0x0000002d80a00000)]

Stack: [0x0000002d80900000,0x0000002d80a00000]
Native frames: (J=compiled Java code, j=interpreted, Vv=VM code, C=native code)
V  [jvm.dll+0x611a3a]
V  [jvm.dll+0x748aaf]
V  [jvm.dll+0x74a135]
V  [jvm.dll+0x74a7b3]
V  [jvm.dll+0x2439f8]
V  [jvm.dll+0xba65b]
V  [jvm.dll+0xba9bc]
V  [jvm.dll+0x66dad5]
V  [jvm.dll+0x66eca4]
V  [jvm.dll+0x351012]
V  [jvm.dll+0x3501da]
V  [jvm.dll+0x350178]
V  [jvm.dll+0x35e193]
C  0x000001e5083bea93

Java frames: (J=compiled Java code, j=interpreted, Vv=VM code)
j  org.apache.maven.settings.building.DefaultSettingsBuilder.<init>(Lorg/apache/maven/settings/io/SettingsReader;Lorg/apache/maven/settings/io/SettingsWriter;Lorg/apache/maven/settings/validation/SettingsValidator;)V+5
v  ~StubRoutines::call_stub
J 2388  jdk.internal.reflect.NativeConstructorAccessorImpl.newInstance0(Ljava/lang/reflect/Constructor;[Ljava/lang/Object;)Ljava/lang/Object; java.base@11.0.9 (0 bytes) @ 0x000001e50ff311a6 [0x000001e50ff31140+0x0000000000000066]
J 2387 c1 jdk.internal.reflect.NativeConstructorAccessorImpl.newInstance([Ljava/lang/Object;)Ljava/lang/Object; java.base@11.0.9 (89 bytes) @ 0x000001e508e1a4ac [0x000001e508e19940+0x0000000000000b6c]
J 1104 c1 jdk.internal.reflect.DelegatingConstructorAccessorImpl.newInstance([Ljava/lang/Object;)Ljava/lang/Object; java.base@11.0.9 (9 bytes) @ 0x000001e508b1ee3c [0x000001e508b1ed40+0x00000000000000fc]
J 1102 c1 java.lang.reflect.Constructor.newInstance([Ljava/lang/Object;)Ljava/lang/Object; java.base@11.0.9 (76 bytes) @ 0x000001e508b1e104 [0x000001e508b1dea0+0x0000000000000264]
j  com.google.inject.internal.DefaultConstructionProxyFactory$ReflectiveProxy.newInstance([Ljava/lang/Object;)Ljava/lang/Object;+5
j  com.google.inject.internal.ConstructorInjector.provision(Lcom/google/inject/internal/InternalContext;Lcom/google/inject/internal/ConstructionContext;)Ljava/lang/Object;+16
j  com.google.inject.internal.ConstructorInjector.access$000(Lcom/google/inject/internal/ConstructorInjector;Lcom/google/inject/internal/InternalContext;Lcom/google/inject/internal/ConstructionContext;)Ljava/lang/Object;+3
j  com.google.inject.internal.ConstructorInjector$1.call()Ljava/lang/Object;+12
j  com.google.inject.internal.ProvisionListenerStackCallback$Provision.provision()Ljava/lang/Object;+30
j  org.eclipse.sisu.bean.BeanScheduler$CycleActivator.onProvision(Lcom/google/inject/spi/ProvisionListener$ProvisionInvocation;)V+60
j  com.google.inject.internal.ProvisionListenerStackCallback$Provision.provision()Ljava/lang/Object;+85
j  com.google.inject.internal.ProvisionListenerStackCallback.provision(Lcom/google/inject/internal/InternalContext;Lcom/google/inject/internal/ProvisionListenerStackCallback$ProvisionCallback;)Ljava/lang/Object;+15
j  com.google.inject.internal.ConstructorInjector.construct(Lcom/google/inject/internal/InternalContext;Lcom/google/inject/spi/Dependency;Lcom/google/inject/internal/ProvisionListenerStackCallback;)Ljava/lang/Object;+113
j  com.google.inject.internal.ConstructorBindingImpl$Factory.get(Lcom/google/inject/internal/InternalContext;Lcom/google/inject/spi/Dependency;Z)Ljava/lang/Object;+48
j  com.google.inject.internal.ProviderToInternalFactoryAdapter.get()Ljava/lang/Object;+18
j  com.google.inject.internal.SingletonScope$1.get()Ljava/lang/Object;+58
j  com.google.inject.internal.InternalFactoryToProviderAdapter.get(Lcom/google/inject/internal/InternalContext;Lcom/google/inject/spi/Dependency;Z)Ljava/lang/Object;+4
j  com.google.inject.internal.FactoryProxy.get(Lcom/google/inject/internal/InternalContext;Lcom/google/inject/spi/Dependency;Z)Ljava/lang/Object;+23
j  com.google.inject.internal.InjectorImpl$1.get()Ljava/lang/Object;+31
j  org.eclipse.sisu.inject.LazyBeanEntry.getValue()Ljava/lang/Object;+4
j  org.eclipse.sisu.plexus.LazyPlexusBean.getValue()Ljava/lang/Object;+4
j  org.codehaus.plexus.DefaultPlexusContainer.lookup(Ljava/lang/Class;Ljava/lang/String;Ljava/lang/String;)Ljava/lang/Object;+27
j  org.codehaus.plexus.DefaultPlexusContainer.lookup(Ljava/lang/Class;Ljava/lang/String;)Ljava/lang/Object;+4
j  org.codehaus.plexus.DefaultPlexusContainer.lookup(Ljava/lang/Class;)Ljava/lang/Object;+5
j  org.eclipse.m2e.core.internal.embedder.MavenImpl.lookup(Ljava/lang/Class;)Ljava/lang/Object;+5
j  org.eclipse.m2e.core.internal.embedder.MavenImpl.getSettings(Z)Lorg/apache/maven/settings/Settings;+182
j  org.eclipse.m2e.core.internal.embedder.MavenImpl.getSettings()Lorg/apache/maven/settings/Settings;+2
j  org.eclipse.m2e.core.internal.repository.RepositoryRegistry.updateRegistry(Lorg/eclipse/core/runtime/IProgressMonitor;)V+4
j  org.eclipse.m2e.core.internal.repository.RepositoryRegistryUpdateJob.run(Lorg/eclipse/core/runtime/IProgressMonitor;)Lorg/eclipse/core/runtime/IStatus;+27
j  org.eclipse.core.internal.jobs.Worker.run()V+33
v  ~StubRoutines::call_stub

---------------  P R O C E S S  ---------------

Threads class SMR info:
_java_thread_list=0x000001e51c910ad0, length=27, elements={
0x000001e57cf4a800, 0x000001e517462800, 0x000001e517593000, 0x000001e518831000,
0x000001e5187e7000, 0x000001e5187e8000, 0x000001e5187ec800, 0x000001e5187ee000,
0x000001e5189a1800, 0x000001e518aa8000, 0x000001e518afe800, 0x000001e519e3b800,
0x000001e519d12800, 0x000001e519dad000, 0x000001e519d70000, 0x000001e519cf6000,
0x000001e51ae58800, 0x000001e51af8f000, 0x000001e51ae34800, 0x000001e51b191800,
0x000001e51b05d000, 0x000001e51b05a000, 0x000001e51b05a800, 0x000001e51b05e000,
0x000001e51b05c800, 0x000001e51aa07000, 0x000001e51b058800
}

Java Threads: ( => current thread )
  0x000001e57cf4a800 JavaThread "main" [_thread_blocked, id=9096, stack(0x0000002dfee00000,0x0000002dfef00000)]
  0x000001e517462800 JavaThread "Reference Handler" daemon [_thread_blocked, id=15596, stack(0x0000002dff100000,0x0000002dff200000)]
  0x000001e517593000 JavaThread "Finalizer" daemon [_thread_blocked, id=14372, stack(0x0000002dff200000,0x0000002dff300000)]
  0x000001e518831000 JavaThread "Signal Dispatcher" daemon [_thread_blocked, id=3148, stack(0x0000002dff300000,0x0000002dff400000)]
  0x000001e5187e7000 JavaThread "Attach Listener" daemon [_thread_blocked, id=4324, stack(0x0000002dff400000,0x0000002dff500000)]
  0x000001e5187e8000 JavaThread "C2 CompilerThread0" daemon [_thread_in_native, id=5952, stack(0x0000002dff500000,0x0000002dff600000)]
  0x000001e5187ec800 JavaThread "C1 CompilerThread0" daemon [_thread_in_native, id=7884, stack(0x0000002dff600000,0x0000002dff700000)]
  0x000001e5187ee000 JavaThread "Sweeper thread" daemon [_thread_blocked, id=18168, stack(0x0000002dff700000,0x0000002dff800000)]
  0x000001e5189a1800 JavaThread "Common-Cleaner" daemon [_thread_blocked, id=16884, stack(0x0000002dff800000,0x0000002dff900000)]
  0x000001e518aa8000 JavaThread "Service Thread" daemon [_thread_blocked, id=16800, stack(0x0000002dffa00000,0x0000002dffb00000)]
  0x000001e518afe800 JavaThread "C2 CompilerThread1" daemon [_thread_in_native, id=13716, stack(0x0000002dff900000,0x0000002dffa00000)]
  0x000001e519e3b800 JavaThread "Active Thread: Equinox Container: 5f6adb61-b5fe-4e04-a64f-473e58a26571" [_thread_blocked, id=8956, stack(0x0000002dffc00000,0x0000002dffd00000)]
  0x000001e519d12800 JavaThread "Framework Event Dispatcher: Equinox Container: 5f6adb61-b5fe-4e04-a64f-473e58a26571" daemon [_thread_blocked, id=18328, stack(0x0000002dffd00000,0x0000002dffe00000)]
  0x000001e519dad000 JavaThread "Start Level: Equinox Container: 5f6adb61-b5fe-4e04-a64f-473e58a26571" daemon [_thread_blocked, id=16252, stack(0x0000002dffe00000,0x0000002dfff00000)]
  0x000001e519d70000 JavaThread "SCR Component Actor" daemon [_thread_blocked, id=7784, stack(0x0000002d80200000,0x0000002d80300000)]
  0x000001e519cf6000 JavaThread "Timer-0" daemon [_thread_blocked, id=17748, stack(0x0000002d80300000,0x0000002d80400000)]
  0x000001e51ae58800 JavaThread "Bundle File Closer" daemon [_thread_blocked, id=1960, stack(0x0000002d80400000,0x0000002d80500000)]
  0x000001e51af8f000 JavaThread "Worker-JM" [_thread_blocked, id=11868, stack(0x0000002d80500000,0x0000002d80600000)]
  0x000001e51ae34800 JavaThread "Worker-0: Initialize Workspace" [_thread_in_vm, id=15500, stack(0x0000002d80800000,0x0000002d80900000)]
=>0x000001e51b191800 JavaThread "Worker-1: Repository registry initialization" [_thread_in_vm, id=16448, stack(0x0000002d80900000,0x0000002d80a00000)]
  0x000001e51b05d000 JavaThread "Java indexing" daemon [_thread_blocked, id=11396, stack(0x0000002d80a00000,0x0000002d80b00000)]
  0x000001e51b05a000 JavaThread "Worker-2: Updating Maven Dependencies" [_thread_blocked, id=10180, stack(0x0000002d80c00000,0x0000002d80d00000)]
  0x000001e51b05a800 JavaThread "logback configurator timer" daemon [_thread_blocked, id=3620, stack(0x0000002d80f00000,0x0000002d81000000)]
  0x000001e51b05e000 JavaThread "pool-2-thread-1" [_thread_blocked, id=17964, stack(0x0000002d81000000,0x0000002d81100000)]
  0x000001e51b05c800 JavaThread "Worker-3: Register Watchers" [_thread_blocked, id=5760, stack(0x0000002d81100000,0x0000002d81200000)]
  0x000001e51aa07000 JavaThread "C2 CompilerThread2" daemon [_thread_in_native, id=12976, stack(0x0000002d80b00000,0x0000002d80c00000)]
  0x000001e51b058800 JavaThread "Worker-4" [_thread_blocked, id=6964, stack(0x0000002d81200000,0x0000002d81300000)]

Other Threads:
  0x000001e51745f800 VMThread "VM Thread" [stack: 0x0000002dff000000,0x0000002dff100000] [id=16668]
  0x000001e518b00000 WatcherThread [stack: 0x0000002dffb00000,0x0000002dffc00000] [id=17912]
  0x000001e57cf60000 GCTaskThread "ParGC Thread#0" [stack: 0x0000002dfef00000,0x0000002dff000000] [id=1176]
  0x000001e519b4e800 GCTaskThread "ParGC Thread#1" [stack: 0x0000002dfff00000,0x0000002e00000000] [id=13088]
  0x000001e519dad800 GCTaskThread "ParGC Thread#2" [stack: 0x0000002d80000000,0x0000002d80100000] [id=13024]
  0x000001e519dae800 GCTaskThread "ParGC Thread#3" [stack: 0x0000002d80100000,0x0000002d80200000] [id=16388]
  0x000001e51a9a2000 GCTaskThread "ParGC Thread#4" [stack: 0x0000002d80600000,0x0000002d80700000] [id=6116]
  0x000001e5197b9000 GCTaskThread "ParGC Thread#5" [stack: 0x0000002d80700000,0x0000002d80800000] [id=7320]
  0x000001e51b2b4800 GCTaskThread "ParGC Thread#6" [stack: 0x0000002d80d00000,0x0000002d80e00000] [id=9624]
  0x000001e51b2c1800 GCTaskThread "ParGC Thread#7" [stack: 0x0000002d80e00000,0x0000002d80f00000] [id=11644]

Threads with active compile tasks:
C2 CompilerThread0   3832 4186   !   4       java.nio.file.FileTreeWalker::next (144 bytes)
C1 CompilerThread0   3832 4240       3       org.eclipse.sisu.inject.InjectorBindings::isAssignableFrom (28 bytes)
C2 CompilerThread1   3832 3793   !   4       org.eclipse.osgi.internal.loader.classpath.ClasspathManager::findClassImpl (308 bytes)
C2 CompilerThread2   3832 3865       4       org.eclipse.osgi.internal.loader.classpath.ClasspathManager::findLocalClassImpl (55 bytes)

VM state:not at safepoint (normal execution)

VM Mutex/Monitor currently owned by a thread: None

Heap address: 0x00000000c0000000, size: 1024 MB, Compressed Oops mode: 32-bit
Narrow klass base: 0x0000000000000000, Narrow klass shift: 3
Compressed class space size: 1073741824 Address: 0x0000000100000000

Heap:
 PSYoungGen      total 23552K, used 5619K [0x00000000eab00000, 0x00000000ec580000, 0x0000000100000000)
  eden space 22016K, 20% used [0x00000000eab00000,0x00000000eaf64f48,0x00000000ec080000)
  from space 1536K, 72% used [0x00000000ec400000,0x00000000ec518000,0x00000000ec580000)
  to   space 1536K, 0% used [0x00000000ec280000,0x00000000ec280000,0x00000000ec400000)
 ParOldGen       total 68608K, used 27523K [0x00000000c0000000, 0x00000000c4300000, 0x00000000eab00000)
  object space 68608K, 40% used [0x00000000c0000000,0x00000000c1ae0d28,0x00000000c4300000)
 Metaspace       used 41502K, capacity 43627K, committed 44032K, reserved 1089536K
  class space    used 4290K, capacity 4991K, committed 5120K, reserved 1048576K

Card table byte_map: [0x000001e57d230000,0x000001e57d440000] _byte_map_base: 0x000001e57cc30000

Marking Bits: (ParMarkBitMap*) 0x00007ffdf5a9f440
 Begin Bits: [0x000001e57d5a0000, 0x000001e57e5a0000)
 End Bits:   [0x000001e57e5a0000, 0x000001e57f5a0000)

Polling page: 0x000001e57b770000

Metaspace:

Usage:
  Non-class:     37.73 MB capacity,    36.34 MB ( 96%) used,     1.32 MB (  4%) free+waste,    69.69 KB ( <1%) overhead. 
      Class:      4.87 MB capacity,     4.19 MB ( 86%) used,   668.20 KB ( 13%) free+waste,    32.63 KB ( <1%) overhead. 
       Both:     42.60 MB capacity,    40.53 MB ( 95%) used,     1.97 MB (  5%) free+waste,   102.31 KB ( <1%) overhead. 

Virtual space:
  Non-class space:       40.00 MB reserved,      38.00 MB ( 95%) committed 
      Class space:        1.00 GB reserved,       5.00 MB ( <1%) committed 
             Both:        1.04 GB reserved,      43.00 MB (  4%) committed 

Chunk freelists:
   Non-Class:  10.50 KB
       Class:  8.13 KB
        Both:  18.63 KB

CodeHeap 'non-profiled nmethods': size=120000Kb used=1627Kb max_used=1627Kb free=118372Kb
 bounds [0x000001e50fe70000, 0x000001e5100e0000, 0x000001e5173a0000]
CodeHeap 'profiled nmethods': size=120000Kb used=8553Kb max_used=8553Kb free=111446Kb
 bounds [0x000001e508940000, 0x000001e5091b0000, 0x000001e50fe70000]
CodeHeap 'non-nmethods': size=5760Kb used=1195Kb max_used=1236Kb free=4565Kb
 bounds [0x000001e5083a0000, 0x000001e508610000, 0x000001e508940000]
 total_blobs=4371 nmethods=3825 adapters=459
 compilation: enabled
              stopped_count=0, restarted_count=0
 full_count=0

Compilation events (10 events):
Event: 3.785 Thread 0x000001e5187ec800 nmethod 4232 0x000001e50919d710 code [0x000001e50919d8c0, 0x000001e50919da50]
Event: 3.785 Thread 0x000001e5187ec800 4234       3       com.google.common.collect.Maps$ViewCachingAbstractMap::values (23 bytes)
Event: 3.785 Thread 0x000001e5187ec800 nmethod 4234 0x000001e50919db10 code [0x000001e50919dce0, 0x000001e50919e198]
Event: 3.785 Thread 0x000001e5187ec800 4236       3       com.google.inject.Key::equals (55 bytes)
Event: 3.785 Thread 0x000001e5187ec800 nmethod 4236 0x000001e50919e310 code [0x000001e50919e500, 0x000001e50919ec60]
Event: 3.785 Thread 0x000001e5187ec800 4235       3       com.google.common.collect.Hashing::closedTableSize (37 bytes)
Event: 3.786 Thread 0x000001e5187ec800 nmethod 4235 0x000001e50919ee10 code [0x000001e50919efe0, 0x000001e50919f350]
Event: 3.792 Thread 0x000001e5187ec800 4237       3       com.google.inject.internal.LinkedBindingImpl::acceptTargetVisitor (8 bytes)
Event: 3.793 Thread 0x000001e5187ec800 nmethod 4237 0x000001e50919f490 code [0x000001e50919f640, 0x000001e50919f870]
Event: 3.795 Thread 0x000001e5187ec800 4238       3       org.eclipse.sisu.inject.Implementations$ClassFinder::visit (9 bytes)

GC Heap History (10 events):
Event: 3.134 GC heap before
{Heap before GC invocations=13 (full 3):
 PSYoungGen      total 28672K, used 28288K [0x00000000eab00000, 0x00000000ecc80000, 0x0000000100000000)
  eden space 23040K, 100% used [0x00000000eab00000,0x00000000ec180000,0x00000000ec180000)
  from space 5632K, 93% used [0x00000000ec200000,0x00000000ec720020,0x00000000ec780000)
  to   space 5120K, 0% used [0x00000000ec780000,0x00000000ec780000,0x00000000ecc80000)
 ParOldGen       total 68608K, used 15446K [0x00000000c0000000, 0x00000000c4300000, 0x00000000eab00000)
  object space 68608K, 22% used [0x00000000c0000000,0x00000000c0f15a30,0x00000000c4300000)
 Metaspace       used 35757K, capacity 37925K, committed 38272K, reserved 1085440K
  class space    used 3553K, capacity 4291K, committed 4480K, reserved 1048576K
}
Event: 3.140 GC heap after
{Heap after GC invocations=13 (full 3):
 PSYoungGen      total 27648K, used 4320K [0x00000000eab00000, 0x00000000ecc00000, 0x0000000100000000)
  eden space 23040K, 0% used [0x00000000eab00000,0x00000000eab00000,0x00000000ec180000)
  from space 4608K, 93% used [0x00000000ec780000,0x00000000ecbb8020,0x00000000ecc00000)
  to   space 5120K, 0% used [0x00000000ec200000,0x00000000ec200000,0x00000000ec700000)
 ParOldGen       total 68608K, used 18242K [0x00000000c0000000, 0x00000000c4300000, 0x00000000eab00000)
  object space 68608K, 26% used [0x00000000c0000000,0x00000000c11d08c8,0x00000000c4300000)
 Metaspace       used 35757K, capacity 37925K, committed 38272K, reserved 1085440K
  class space    used 3553K, capacity 4291K, committed 4480K, reserved 1048576K
}
Event: 3.183 GC heap before
{Heap before GC invocations=14 (full 3):
 PSYoungGen      total 27648K, used 27360K [0x00000000eab00000, 0x00000000ecc00000, 0x0000000100000000)
  eden space 23040K, 100% used [0x00000000eab00000,0x00000000ec180000,0x00000000ec180000)
  from space 4608K, 93% used [0x00000000ec780000,0x00000000ecbb8020,0x00000000ecc00000)
  to   space 5120K, 0% used [0x00000000ec200000,0x00000000ec200000,0x00000000ec700000)
 ParOldGen       total 68608K, used 18244K [0x00000000c0000000, 0x00000000c4300000, 0x00000000eab00000)
  object space 68608K, 26% used [0x00000000c0000000,0x00000000c11d1340,0x00000000c4300000)
 Metaspace       used 36108K, capacity 38238K, committed 38528K, reserved 1085440K
  class space    used 3608K, capacity 4329K, committed 4480K, reserved 1048576K
}
Event: 3.188 GC heap after
{Heap after GC invocations=14 (full 3):
 PSYoungGen      total 24576K, used 2048K [0x00000000eab00000, 0x00000000ec800000, 0x0000000100000000)
  eden space 22528K, 0% used [0x00000000eab00000,0x00000000eab00000,0x00000000ec100000)
  from space 2048K, 100% used [0x00000000ec200000,0x00000000ec400000,0x00000000ec400000)
  to   space 3072K, 0% used [0x00000000ec500000,0x00000000ec500000,0x00000000ec800000)
 ParOldGen       total 68608K, used 22544K [0x00000000c0000000, 0x00000000c4300000, 0x00000000eab00000)
  object space 68608K, 32% used [0x00000000c0000000,0x00000000c1604150,0x00000000c4300000)
 Metaspace       used 36108K, capacity 38238K, committed 38528K, reserved 1085440K
  class space    used 3608K, capacity 4329K, committed 4480K, reserved 1048576K
}
Event: 3.238 GC heap before
{Heap before GC invocations=15 (full 3):
 PSYoungGen      total 24576K, used 24576K [0x00000000eab00000, 0x00000000ec800000, 0x0000000100000000)
  eden space 22528K, 100% used [0x00000000eab00000,0x00000000ec100000,0x00000000ec100000)
  from space 2048K, 100% used [0x00000000ec200000,0x00000000ec400000,0x00000000ec400000)
  to   space 3072K, 0% used [0x00000000ec500000,0x00000000ec500000,0x00000000ec800000)
 ParOldGen       total 68608K, used 22544K [0x00000000c0000000, 0x00000000c4300000, 0x00000000eab00000)
  object space 68608K, 32% used [0x00000000c0000000,0x00000000c1604150,0x00000000c4300000)
 Metaspace       used 36676K, capacity 38730K, committed 39040K, reserved 1085440K
  class space    used 3657K, capacity 4365K, committed 4480K, reserved 1048576K
}
Event: 3.242 GC heap after
{Heap after GC invocations=15 (full 3):
 PSYoungGen      total 24576K, used 2444K [0x00000000eab00000, 0x00000000ec780000, 0x0000000100000000)
  eden space 22016K, 0% used [0x00000000eab00000,0x00000000eab00000,0x00000000ec080000)
  from space 2560K, 95% used [0x00000000ec500000,0x00000000ec763240,0x00000000ec780000)
  to   space 2560K, 0% used [0x00000000ec280000,0x00000000ec280000,0x00000000ec500000)
 ParOldGen       total 68608K, used 24534K [0x00000000c0000000, 0x00000000c4300000, 0x00000000eab00000)
  object space 68608K, 35% used [0x00000000c0000000,0x00000000c17f59d0,0x00000000c4300000)
 Metaspace       used 36676K, capacity 38730K, committed 39040K, reserved 1085440K
  class space    used 3657K, capacity 4365K, committed 4480K, reserved 1048576K
}
Event: 3.495 GC heap before
{Heap before GC invocations=16 (full 3):
 PSYoungGen      total 24576K, used 24460K [0x00000000eab00000, 0x00000000ec780000, 0x0000000100000000)
  eden space 22016K, 100% used [0x00000000eab00000,0x00000000ec080000,0x00000000ec080000)
  from space 2560K, 95% used [0x00000000ec500000,0x00000000ec763240,0x00000000ec780000)
  to   space 2560K, 0% used [0x00000000ec280000,0x00000000ec280000,0x00000000ec500000)
 ParOldGen       total 68608K, used 24534K [0x00000000c0000000, 0x00000000c4300000, 0x00000000eab00000)
  object space 68608K, 35% used [0x00000000c0000000,0x00000000c17f59d0,0x00000000c4300000)
 Metaspace       used 38766K, capacity 40933K, committed 41344K, reserved 1087488K
  class space    used 3922K, capacity 4628K, committed 4736K, reserved 1048576K
}
Event: 3.498 GC heap after
{Heap after GC invocations=16 (full 3):
 PSYoungGen      total 23040K, used 864K [0x00000000eab00000, 0x00000000ec580000, 0x0000000100000000)
  eden space 22016K, 0% used [0x00000000eab00000,0x00000000eab00000,0x00000000ec080000)
  from space 1024K, 84% used [0x00000000ec280000,0x00000000ec358000,0x00000000ec380000)
  to   space 1536K, 0% used [0x00000000ec400000,0x00000000ec400000,0x00000000ec580000)
 ParOldGen       total 68608K, used 26771K [0x00000000c0000000, 0x00000000c4300000, 0x00000000eab00000)
  object space 68608K, 39% used [0x00000000c0000000,0x00000000c1a24d28,0x00000000c4300000)
 Metaspace       used 38766K, capacity 40933K, committed 41344K, reserved 1087488K
  class space    used 3922K, capacity 4628K, committed 4736K, reserved 1048576K
}
Event: 3.748 GC heap before
{Heap before GC invocations=17 (full 3):
 PSYoungGen      total 23040K, used 22880K [0x00000000eab00000, 0x00000000ec580000, 0x0000000100000000)
  eden space 22016K, 100% used [0x00000000eab00000,0x00000000ec080000,0x00000000ec080000)
  from space 1024K, 84% used [0x00000000ec280000,0x00000000ec358000,0x00000000ec380000)
  to   space 1536K, 0% used [0x00000000ec400000,0x00000000ec400000,0x00000000ec580000)
 ParOldGen       total 68608K, used 26771K [0x00000000c0000000, 0x00000000c4300000, 0x00000000eab00000)
  object space 68608K, 39% used [0x00000000c0000000,0x00000000c1a24d28,0x00000000c4300000)
 Metaspace       used 41142K, capacity 43339K, committed 43776K, reserved 1089536K
  class space    used 4235K, capacity 4959K, committed 5120K, reserved 1048576K
}
Event: 3.750 GC heap after
{Heap after GC invocations=17 (full 3):
 PSYoungGen      total 23552K, used 1120K [0x00000000eab00000, 0x00000000ec580000, 0x0000000100000000)
  eden space 22016K, 0% used [0x00000000eab00000,0x00000000eab00000,0x00000000ec080000)
  from space 1536K, 72% used [0x00000000ec400000,0x00000000ec518000,0x00000000ec580000)
  to   space 1536K, 0% used [0x00000000ec280000,0x00000000ec280000,0x00000000ec400000)
 ParOldGen       total 68608K, used 27523K [0x00000000c0000000, 0x00000000c4300000, 0x00000000eab00000)
  object space 68608K, 40% used [0x00000000c0000000,0x00000000c1ae0d28,0x00000000c4300000)
 Metaspace       used 41142K, capacity 43339K, committed 43776K, reserved 1089536K
  class space    used 4235K, capacity 4959K, committed 5120K, reserved 1048576K
}

Deoptimization events (10 events):
Event: 3.261 Thread 0x000001e51ae34800 Uncommon trap: reason=class_check action=maybe_recompile pc=0x000001e50ff9360c method=java.nio.file.FileTreeWalker.visit(Ljava/nio/file/Path;ZZ)Ljava/nio/file/FileTreeWalker$Event; @ 58 c2
Event: 3.263 Thread 0x000001e51ae34800 Uncommon trap: reason=class_check action=maybe_recompile pc=0x000001e50ff89020 method=java.nio.file.FileTreeWalker.next()Ljava/nio/file/FileTreeWalker$Event; @ 37 c2
Event: 3.263 Thread 0x000001e51ae34800 Uncommon trap: reason=unstable_if action=reinterpret pc=0x000001e50ff935ec method=java.nio.file.FileTreeWalker.getAttributes(Ljava/nio/file/Path;Z)Ljava/nio/file/attribute/BasicFileAttributes; @ 8 c2
Event: 3.264 Thread 0x000001e51ae34800 Uncommon trap: reason=class_check action=maybe_recompile pc=0x000001e50ff89020 method=java.nio.file.FileTreeWalker.next()Ljava/nio/file/FileTreeWalker$Event; @ 37 c2
Event: 3.264 Thread 0x000001e51ae34800 Uncommon trap: reason=unstable_if action=reinterpret pc=0x000001e50ff9164c method=java.nio.file.FileTreeWalker.getAttributes(Ljava/nio/file/Path;Z)Ljava/nio/file/attribute/BasicFileAttributes; @ 8 c2
Event: 3.264 Thread 0x000001e51ae34800 Uncommon trap: reason=class_check action=maybe_recompile pc=0x000001e50ff89020 method=java.nio.file.FileTreeWalker.next()Ljava/nio/file/FileTreeWalker$Event; @ 37 c2
Event: 3.264 Thread 0x000001e51ae34800 Uncommon trap: reason=class_check action=maybe_recompile pc=0x000001e50ff89020 method=java.nio.file.FileTreeWalker.next()Ljava/nio/file/FileTreeWalker$Event; @ 37 c2
Event: 3.429 Thread 0x000001e51ae34800 Uncommon trap: reason=unstable_if action=reinterpret pc=0x000001e50ffdab08 method=java.util.regex.Pattern$SliceU.match(Ljava/util/regex/Matcher;ILjava/lang/CharSequence;)Z @ 18 c2
Event: 3.479 Thread 0x000001e51ae34800 Uncommon trap: reason=class_check action=maybe_recompile pc=0x000001e50ffe5c28 method=java.util.regex.Pattern$SliceU.match(Ljava/util/regex/Matcher;ILjava/lang/CharSequence;)Z @ 95 c2
Event: 3.761 Thread 0x000001e51b191800 Uncommon trap: reason=speculate_class_check action=maybe_recompile pc=0x000001e5100009d0 method=java.lang.reflect.Executable.declaredAnnotations()Ljava/util/Map; @ 23 c2

Classes redefined (0 events):
No events

Internal exceptions (10 events):
Event: 3.424 Thread 0x000001e51ae34800 Exception <a 'sun/nio/fs/WindowsException'{0x00000000eba55460}> (0x00000000eba55460) thrown at [./open/src/hotspot/share/prims/jni.cpp, line 611]
Event: 3.424 Thread 0x000001e51ae34800 Exception <a 'sun/nio/fs/WindowsException'{0x00000000eba59ab0}> (0x00000000eba59ab0) thrown at [./open/src/hotspot/share/prims/jni.cpp, line 611]
Event: 3.425 Thread 0x000001e51ae34800 Exception <a 'sun/nio/fs/WindowsException'{0x00000000eba5e0a8}> (0x00000000eba5e0a8) thrown at [./open/src/hotspot/share/prims/jni.cpp, line 611]
Event: 3.425 Thread 0x000001e51ae34800 Exception <a 'sun/nio/fs/WindowsException'{0x00000000eba62908}> (0x00000000eba62908) thrown at [./open/src/hotspot/share/prims/jni.cpp, line 611]
Event: 3.426 Thread 0x000001e51ae34800 Exception <a 'sun/nio/fs/WindowsException'{0x00000000eba671d0}> (0x00000000eba671d0) thrown at [./open/src/hotspot/share/prims/jni.cpp, line 611]
Event: 3.427 Thread 0x000001e51ae34800 Exception <a 'sun/nio/fs/WindowsException'{0x00000000eba6ba40}> (0x00000000eba6ba40) thrown at [./open/src/hotspot/share/prims/jni.cpp, line 611]
Event: 3.428 Thread 0x000001e51ae34800 Exception <a 'sun/nio/fs/WindowsException'{0x00000000eba702e0}> (0x00000000eba702e0) thrown at [./open/src/hotspot/share/prims/jni.cpp, line 611]
Event: 3.428 Thread 0x000001e51ae34800 Exception <a 'sun/nio/fs/WindowsException'{0x00000000ebba8ba8}> (0x00000000ebba8ba8) thrown at [./open/src/hotspot/share/prims/jni.cpp, line 611]
Event: 3.791 Thread 0x000001e51b191800 Exception <a 'java/lang/NoClassDefFoundError'{0x00000000eaebbac8}: com/google/inject/servlet/ServletModuleTargetVisitor> (0x00000000eaebbac8) thrown at [./open/src/hotspot/share/classfile/systemDictionary.cpp, line 217]
Event: 3.791 Thread 0x000001e51b191800 Exception <a 'java/lang/NoClassDefFoundError'{0x00000000eaebfbd8}: javax/annotation/Priority> (0x00000000eaebfbd8) thrown at [./open/src/hotspot/share/classfile/systemDictionary.cpp, line 217]

Events (10 events):
Event: 3.750 Executing VM operation: ParallelGCFailedAllocation done
Event: 3.761 Thread 0x000001e51b191800 Uncommon trap: trap_request=0xffffff6e fr.pc=0x000001e5100009d0 relative=0x0000000000000b90
Event: 3.761 Executing VM operation: RevokeBias
Event: 3.761 Executing VM operation: RevokeBias done
Event: 3.761 Thread 0x000001e51b191800 DEOPT PACKING pc=0x000001e5100009d0 sp=0x0000002d809fd760
Event: 3.761 Thread 0x000001e51b191800 DEOPT UNPACKING pc=0x000001e5083c872f sp=0x0000002d809fd6d8 mode 2
Event: 3.791 loading class com/google/inject/servlet/ServletModuleTargetVisitor
Event: 3.791 loading class com/google/inject/servlet/ServletModuleTargetVisitor done
Event: 3.791 loading class javax/annotation/Priority
Event: 3.791 loading class javax/annotation/Priority done


Dynamic libraries:
0x00007ff769e60000 - 0x00007ff769e6f000 	C:\Program Files\Java\jdk-11.0.9\bin\java.exe
0x00007ffe3e7b0000 - 0x00007ffe3e9a6000 	C:\WINDOWS\SYSTEM32\ntdll.dll
0x00007ffe3dbf0000 - 0x00007ffe3dcad000 	C:\WINDOWS\System32\KERNEL32.DLL
0x00007ffe3c100000 - 0x00007ffe3c3c8000 	C:\WINDOWS\System32\KERNELBASE.dll
0x00007ffe3c000000 - 0x00007ffe3c100000 	C:\WINDOWS\System32\ucrtbase.dll
0x00007ffe291b0000 - 0x00007ffe291c5000 	C:\Program Files\Java\jdk-11.0.9\bin\VCRUNTIME140.dll
0x00007ffe29c90000 - 0x00007ffe29ca8000 	C:\Program Files\Java\jdk-11.0.9\bin\jli.dll
0x00007ffe3e6c0000 - 0x00007ffe3e76c000 	C:\WINDOWS\System32\ADVAPI32.dll
0x00007ffe3cfc0000 - 0x00007ffe3d05e000 	C:\WINDOWS\System32\msvcrt.dll
0x00007ffe3d780000 - 0x00007ffe3d81b000 	C:\WINDOWS\System32\sechost.dll
0x00007ffe3e2c0000 - 0x00007ffe3e3e4000 	C:\WINDOWS\System32\RPCRT4.dll
0x00007ffe3d0f0000 - 0x00007ffe3d290000 	C:\WINDOWS\System32\USER32.dll
0x00007ffe3c730000 - 0x00007ffe3c752000 	C:\WINDOWS\System32\win32u.dll
0x00007ffe3e550000 - 0x00007ffe3e57a000 	C:\WINDOWS\System32\GDI32.dll
0x00007ffe28e00000 - 0x00007ffe2909b000 	C:\WINDOWS\WinSxS\amd64_microsoft.windows.common-controls_6595b64144ccf1df_6.0.19041.488_none_ca04af081b815d21\COMCTL32.dll
0x00007ffe3bef0000 - 0x00007ffe3bff9000 	C:\WINDOWS\System32\gdi32full.dll
0x00007ffe3c3d0000 - 0x00007ffe3c46d000 	C:\WINDOWS\System32\msvcp_win.dll
0x00007ffe35c40000 - 0x00007ffe35c4a000 	C:\WINDOWS\SYSTEM32\VERSION.dll
0x00007ffe3d290000 - 0x00007ffe3d2c0000 	C:\WINDOWS\System32\IMM32.DLL
0x00007ffe070d0000 - 0x00007ffe0716b000 	C:\Program Files\Java\jdk-11.0.9\bin\msvcp140.dll
0x00007ffdf5060000 - 0x00007ffdf5b57000 	C:\Program Files\Java\jdk-11.0.9\bin\server\jvm.dll
0x00007ffe3d430000 - 0x00007ffe3d438000 	C:\WINDOWS\System32\PSAPI.DLL
0x00007ffe2b2c0000 - 0x00007ffe2b2e7000 	C:\WINDOWS\SYSTEM32\WINMM.dll
0x00007ffe20a50000 - 0x00007ffe20a59000 	C:\WINDOWS\SYSTEM32\WSOCK32.dll
0x00007ffe3e250000 - 0x00007ffe3e2bb000 	C:\WINDOWS\System32\ws2_32.DLL
0x00007ffe39e90000 - 0x00007ffe39ea2000 	C:\WINDOWS\SYSTEM32\kernel.appcore.dll
0x00007ffe2bbe0000 - 0x00007ffe2bbf0000 	C:\Program Files\Java\jdk-11.0.9\bin\verify.dll
0x00007ffe39ae0000 - 0x00007ffe39cc4000 	C:\WINDOWS\SYSTEM32\DBGHELP.DLL
0x00007ffe1fa40000 - 0x00007ffe1fa6c000 	C:\WINDOWS\SYSTEM32\dbgcore.DLL
0x00007ffe3c760000 - 0x00007ffe3c7df000 	C:\WINDOWS\System32\bcryptPrimitives.dll
0x00007ffe262e0000 - 0x00007ffe26308000 	C:\Program Files\Java\jdk-11.0.9\bin\java.dll
0x00007ffe2bbb0000 - 0x00007ffe2bbba000 	C:\Program Files\Java\jdk-11.0.9\bin\jimage.dll
0x00007ffe28410000 - 0x00007ffe28426000 	C:\Program Files\Java\jdk-11.0.9\bin\zip.dll
0x00007ffe3c870000 - 0x00007ffe3cfb1000 	C:\WINDOWS\System32\SHELL32.dll
0x00007ffe3a000000 - 0x00007ffe3a795000 	C:\WINDOWS\SYSTEM32\windows.storage.dll
0x00007ffe3d820000 - 0x00007ffe3db75000 	C:\WINDOWS\System32\combase.dll
0x00007ffe3b820000 - 0x00007ffe3b84c000 	C:\WINDOWS\SYSTEM32\Wldp.dll
0x00007ffe3d520000 - 0x00007ffe3d5ce000 	C:\WINDOWS\System32\SHCORE.dll
0x00007ffe3c810000 - 0x00007ffe3c865000 	C:\WINDOWS\System32\shlwapi.dll
0x00007ffe3be20000 - 0x00007ffe3be46000 	C:\WINDOWS\SYSTEM32\profapi.dll
0x00007ffe277b0000 - 0x00007ffe277c9000 	C:\Program Files\Java\jdk-11.0.9\bin\net.dll
0x00007ffe34430000 - 0x00007ffe34530000 	C:\WINDOWS\SYSTEM32\WINHTTP.dll
0x00007ffe3b5b0000 - 0x00007ffe3b61a000 	C:\WINDOWS\system32\mswsock.dll
0x00007ffe275f0000 - 0x00007ffe27602000 	C:\Program Files\Java\jdk-11.0.9\bin\nio.dll
0x00007ffe3b860000 - 0x00007ffe3b878000 	C:\WINDOWS\SYSTEM32\CRYPTSP.dll
0x00007ffe3af60000 - 0x00007ffe3af94000 	C:\WINDOWS\system32\rsaenh.dll
0x00007ffe3c7e0000 - 0x00007ffe3c807000 	C:\WINDOWS\System32\bcrypt.dll
0x00007ffe3bde0000 - 0x00007ffe3be0e000 	C:\WINDOWS\SYSTEM32\USERENV.dll
0x00007ffe3b790000 - 0x00007ffe3b79c000 	C:\WINDOWS\SYSTEM32\CRYPTBASE.dll
0x00007ffe3b2c0000 - 0x00007ffe3b2fb000 	C:\WINDOWS\SYSTEM32\IPHLPAPI.DLL
0x00007ffe3dbe0000 - 0x00007ffe3dbe8000 	C:\WINDOWS\System32\NSI.dll
0x00007ffe32b80000 - 0x00007ffe32b97000 	C:\WINDOWS\SYSTEM32\dhcpcsvc6.DLL
0x00007ffe2f8a0000 - 0x00007ffe2f8bd000 	C:\WINDOWS\SYSTEM32\dhcpcsvc.DLL
0x00007ffe3b350000 - 0x00007ffe3b41b000 	C:\WINDOWS\SYSTEM32\DNSAPI.dll
0x00007ffe267b0000 - 0x00007ffe267da000 	C:\Users\ssij\AppData\Roaming\Code\User\globalStorage\redhat.java\0.71.0\config_win\org.eclipse.equinox.launcher\org.eclipse.equinox.launcher.win32.win32.x86_64_1.2.0.v20200915-1442\eclipse_11100.dll
0x00007ffe2f380000 - 0x00007ffe2f391000 	C:\Users\ssij\AppData\Roaming\Code\User\globalStorage\redhat.java\0.71.0\config_win\org.eclipse.osgi\24\0\.cp\jWinHttp-1.0.0.dll
0x00007ffe3dcb0000 - 0x00007ffe3ddda000 	C:\WINDOWS\System32\ole32.dll

dbghelp: loaded successfully - version: 4.0.5 - missing functions: none
symbol engine: initialized successfully - sym options: 0x614 - pdb path: .;C:\Program Files\Java\jdk-11.0.9\bin;C:\WINDOWS\SYSTEM32;C:\WINDOWS\WinSxS\amd64_microsoft.windows.common-controls_6595b64144ccf1df_6.0.19041.488_none_ca04af081b815d21;C:\Program Files\Java\jdk-11.0.9\bin\server;C:\Users\ssij\AppData\Roaming\Code\User\globalStorage\redhat.java\0.71.0\config_win\org.eclipse.equinox.launcher\org.eclipse.equinox.launcher.win32.win32.x86_64_1.2.0.v20200915-1442;C:\Users\ssij\AppData\Roaming\Code\User\globalStorage\redhat.java\0.71.0\config_win\org.eclipse.osgi\24\0\.cp

VM Arguments:
jvm_args: --add-modules=ALL-SYSTEM --add-opens=java.base/java.util=ALL-UNNAMED --add-opens=java.base/java.lang=ALL-UNNAMED -Declipse.application=org.eclipse.jdt.ls.core.id1 -Dosgi.bundles.defaultStartLevel=4 -Declipse.product=org.eclipse.jdt.ls.core.product -Dfile.encoding=utf8 -DwatchParentProcess=false -XX:+UseParallelGC -XX:GCTimeRatio=4 -XX:AdaptiveSizePolicyWeight=90 -Dsun.zip.disableMemoryMapping=true -Xmx1G -Xms100m -Xverify:none 
java_command: c:\Users\ssij\.vscode\extensions\redhat.java-0.71.0\server\plugins\org.eclipse.equinox.launcher_1.6.0.v20200915-1508.jar -configuration c:\Users\ssij\AppData\Roaming\Code\User\globalStorage\redhat.java\0.71.0\config_win -data c:\Users\ssij\AppData\Roaming\Code\User\workspaceStorage\ce9bd1c2a904ba55425b1d37feee0edb\redhat.java\jdt_ws
java_class_path (initial): c:\Users\ssij\.vscode\extensions\redhat.java-0.71.0\server\plugins\org.eclipse.equinox.launcher_1.6.0.v20200915-1508.jar
Launcher Type: SUN_STANDARD

[Global flags]
    uintx AdaptiveSizePolicyWeight                 = 90                                        {product} {command line}
     bool BytecodeVerificationLocal                = false                                     {product} {command line}
     bool BytecodeVerificationRemote               = false                                     {product} {command line}
     intx CICompilerCount                          = 4                                         {product} {ergonomic}
    uintx GCTimeRatio                              = 4                                         {product} {command line}
   size_t InitialHeapSize                          = 104857600                                 {product} {command line}
   size_t MaxHeapSize                              = 1073741824                                {product} {command line}
   size_t MaxNewSize                               = 357564416                                 {product} {ergonomic}
   size_t MinHeapDeltaBytes                        = 524288                                    {product} {ergonomic}
   size_t NewSize                                  = 34603008                                  {product} {ergonomic}
    uintx NonNMethodCodeHeapSize                   = 5836300                                {pd product} {ergonomic}
    uintx NonProfiledCodeHeapSize                  = 122910970                              {pd product} {ergonomic}
   size_t OldSize                                  = 70254592                                  {product} {ergonomic}
    uintx ProfiledCodeHeapSize                     = 122910970                              {pd product} {ergonomic}
    uintx ReservedCodeCacheSize                    = 251658240                              {pd product} {ergonomic}
     bool SegmentedCodeCache                       = true                                      {product} {ergonomic}
     bool UseCompressedClassPointers               = true                                 {lp64_product} {ergonomic}
     bool UseCompressedOops                        = true                                 {lp64_product} {ergonomic}
     bool UseLargePagesIndividualAllocation        = false                                  {pd product} {ergonomic}
     bool UseParallelGC                            = true                                      {product} {command line}

Logging:
Log output configuration:
 #0: stdout all=warning uptime,level,tags
 #1: stderr all=off uptime,level,tags

Environment Variables:
JAVA_HOME=C:\Program Files\Java\jdk-11.0.9\bin
PATH=C:\Program Files\Common Files\Oracle\Java\javapath;C:\Program Files (x86)\Common Files\Oracle\Java\javapath;C:\ProgramData\Oracle\Java\javapath;C:\WINDOWS\system32;C:\WINDOWS;C:\WINDOWS\System32\Wbem;C:\WINDOWS\System32\WindowsPowerShell\v1.0\;C:\WINDOWS\System32\OpenSSH\;C:\Program Files\Java\jdk-11.0.9\bin;F:\Program Files\nodejs\;C:\Program Files (x86)\Yarn\bin\;F:\Program Files\Git\cmd;C:\Program Files\dotnet\;C:\WINDOWS\system32;C:\WINDOWS;C:\WINDOWS\System32\Wbem;C:\WINDOWS\System32\WindowsPowerShell\v1.0\;C:\WINDOWS\System32\OpenSSH\;C:\Program Files\Microsoft SQL Server\130\Tools\Binn\;C:\Program Files\Microsoft SQL Server\Client SDK\ODBC\170\Tools\Binn\;C:\Users\ssij\Desktop\apache-maven-3.6.3\bin;;C:\Program Files (x86)\NVIDIA Corporation\PhysX\Common;C:\Program Files\NVIDIA Corporation\NVIDIA NvDLISR;C:\Program Files\Docker\Docker\resources\bin;C:\ProgramData\DockerDesktop\version-bin;C:\ProgramData\chocolatey\bin;F:\Program Files\PuTTY\;C:\Users\ssij\AppData\Local\Programs\Python\Python38\Scripts\;C:\Users\ssij\AppData\Local\Programs\Python\Python38\;C:\Users\ssij\AppData\Local\Microsoft\WindowsApps;C:\Users\ssij\AppData\Roaming\npm;C:\Users\ssij\AppData\Local\Programs\Microsoft VS Code\bin;C:\Users\ssij\AppData\Local\Yarn\bin;C:\Users\ssij\Desktop\Spark\spark-3.0.0-bin-hadoop3.2\bin;C:\Users\ssij\Desktop\hadoop\bin;C:\Users\ssij\Desktop\Spark\spark-3.0.0-bin-hadoop3.2\python;C:\Users\ssij\Desktop\Spark\spark-3.0.0-bin-hadoop3.2\python\lib\py4j-0.10.9-src.zip;C:\Users\ssij\.dotnet\tools;C:\Users\ssij\Desktop\apache-maven-3.6.3\bin;C:\tools\dart-sdk\bin;C:\Users\ssij\AppData\Roaming\Pub\Cache\bin;
USERNAME=ssij
OS=Windows_NT
PROCESSOR_IDENTIFIER=Intel64 Family 6 Model 158 Stepping 10, GenuineIntel



---------------  S Y S T E M  ---------------

OS: Windows 10 , 64 bit Build 19041 (10.0.19041.546)
HyperV virtualization detected

CPU:total 8 (initial active 8) (4 cores per cpu, 2 threads per core) family 6 model 158 stepping 10, cmov, cx8, fxsr, mmx, sse, sse2, sse3, ssse3, sse4.1, sse4.2, popcnt, avx, avx2, aes, clmul, erms, 3dnowpref, lzcnt, ht, tsc, tscinvbit, bmi1, bmi2, adx, fma

Memory: 4k page, system-wide physical 8034M (1447M free)
TotalPageFile size 12130M (AvailPageFile size 5M)
current process WorkingSet (physical memory assigned to process): 196M, peak: 203M
current process commit charge ("private bytes"): 292M, peak: 296M

vm_info: Java HotSpot(TM) 64-Bit Server VM (11.0.9+7-LTS) for windows-amd64 JRE (11.0.9+7-LTS), built on Sep 15 2020 16:47:03 by "mach5one" with MS VC++ 15.9 (VS2017)

END.
