#
# There is insufficient memory for the Java Runtime Environment to continue.
# Native memory allocation (malloc) failed to allocate 32744 bytes for ChunkPool::allocate
# Possible reasons:
#   The system is out of physical RAM or swap space
#   The process is running with CompressedOops enabled, and the Java Heap may be blocking the growth of the native heap
# Possible solutions:
#   Reduce memory load on the system
#   Increase physical memory or swap space
#   Check if swap backing store is full
#   Decrease Java heap size (-Xmx/-Xms)
#   Decrease number of Java threads
#   Decrease Java thread stack sizes (-Xss)
#   Set larger code cache with -XX:ReservedCodeCacheSize=
#   JVM is running with Unscaled Compressed Oops mode in which the Java heap is
#     placed in the first 4GB address space. The Java Heap base address is the
#     maximum limit for the native heap growth. Please use -XX:HeapBaseMinAddress
#     to set the Java Heap base and to place the Java Heap above 4GB virtual address.
# This output file may be truncated or incomplete.
#
#  Out of Memory Error (./open/src/hotspot/share/memory/arena.cpp:81), pid=15980, tid=2272
#
# JRE version: Java(TM) SE Runtime Environment 18.9 (11.0.9+7) (build 11.0.9+7-LTS)
# Java VM: Java HotSpot(TM) 64-Bit Server VM 18.9 (11.0.9+7-LTS, mixed mode, tiered, compressed oops, parallel gc, windows-amd64)
# No core dump will be written. Minidumps are not enabled by default on client versions of Windows
#

---------------  S U M M A R Y ------------

Command Line: --add-modules=ALL-SYSTEM --add-opens=java.base/java.util=ALL-UNNAMED --add-opens=java.base/java.lang=ALL-UNNAMED -Declipse.application=org.eclipse.jdt.ls.core.id1 -Dosgi.bundles.defaultStartLevel=4 -Declipse.product=org.eclipse.jdt.ls.core.product -Dfile.encoding=utf8 -DwatchParentProcess=false -XX:+UseParallelGC -XX:GCTimeRatio=4 -XX:AdaptiveSizePolicyWeight=90 -Dsun.zip.disableMemoryMapping=true -Xmx1G -Xms100m -Xverify:none c:\Users\ssij\.vscode\extensions\redhat.java-0.71.0\server\plugins\org.eclipse.equinox.launcher_1.6.0.v20200915-1508.jar -configuration c:\Users\ssij\AppData\Roaming\Code\User\globalStorage\redhat.java\0.71.0\config_ss_win -data c:\Users\ssij\AppData\Roaming\Code\User\workspaceStorage\ce9bd1c2a904ba55425b1d37feee0edb\redhat.java\ss_ws

Host: Intel(R) Core(TM) i5-8300H CPU @ 2.30GHz, 8 cores, 7G,  Windows 10 , 64 bit Build 19041 (10.0.19041.546)
Time: Sat Nov 21 20:44:15 2020 Центральная Азия (зима) elapsed time: 0.561164 seconds (0d 0h 0m 0s)

---------------  T H R E A D  ---------------

Current thread (0x0000021ede12b800):  JavaThread "C1 CompilerThread0" daemon [_thread_in_vm, id=2272, stack(0x0000003bb2b00000,0x0000003bb2c00000)]


Current CompileTask:
C1:    561  547       3       java.lang.Integer::stringSize (47 bytes)

Stack: [0x0000003bb2b00000,0x0000003bb2c00000]
Native frames: (J=compiled Java code, j=interpreted, Vv=VM code, C=native code)
V  [jvm.dll+0x611a3a]
V  [jvm.dll+0x748aaf]
V  [jvm.dll+0x74a135]
V  [jvm.dll+0x74a7b3]
V  [jvm.dll+0x2439f8]
V  [jvm.dll+0xba65b]
V  [jvm.dll+0xba9bc]
V  [jvm.dll+0x32eb6a]
V  [jvm.dll+0x1ab555]
V  [jvm.dll+0x199c1c]
V  [jvm.dll+0x20bb07]
V  [jvm.dll+0x209d2b]
V  [jvm.dll+0x7103d9]
V  [jvm.dll+0x709114]
V  [jvm.dll+0x610cb6]
C  [ucrtbase.dll+0x214c2]
C  [KERNEL32.DLL+0x17034]
C  [ntdll.dll+0x4cec1]


---------------  P R O C E S S  ---------------

Threads class SMR info:
_java_thread_list=0x0000021ede40b440, length=11, elements={
0x0000021ec305c000, 0x0000021edcda2800, 0x0000021edceca000, 0x0000021ede171000,
0x0000021ede172000, 0x0000021ede174000, 0x0000021ede12b800, 0x0000021ede17c000,
0x0000021ede2e2800, 0x0000021ede374000, 0x0000021ede365800
}

Java Threads: ( => current thread )
  0x0000021ec305c000 JavaThread "main" [_thread_in_native, id=6932, stack(0x0000003bb2300000,0x0000003bb2400000)]
  0x0000021edcda2800 JavaThread "Reference Handler" daemon [_thread_blocked, id=796, stack(0x0000003bb2600000,0x0000003bb2700000)]
  0x0000021edceca000 JavaThread "Finalizer" daemon [_thread_blocked, id=3384, stack(0x0000003bb2700000,0x0000003bb2800000)]
  0x0000021ede171000 JavaThread "Signal Dispatcher" daemon [_thread_blocked, id=18084, stack(0x0000003bb2800000,0x0000003bb2900000)]
  0x0000021ede172000 JavaThread "Attach Listener" daemon [_thread_blocked, id=1124, stack(0x0000003bb2900000,0x0000003bb2a00000)]
  0x0000021ede174000 JavaThread "C2 CompilerThread0" daemon [_thread_in_native, id=5644, stack(0x0000003bb2a00000,0x0000003bb2b00000)]
=>0x0000021ede12b800 JavaThread "C1 CompilerThread0" daemon [_thread_in_vm, id=2272, stack(0x0000003bb2b00000,0x0000003bb2c00000)]
  0x0000021ede17c000 JavaThread "Sweeper thread" daemon [_thread_blocked, id=1152, stack(0x0000003bb2c00000,0x0000003bb2d00000)]
  0x0000021ede2e2800 JavaThread "Common-Cleaner" daemon [_thread_blocked, id=9680, stack(0x0000003bb2d00000,0x0000003bb2e00000)]
  0x0000021ede374000 JavaThread "C2 CompilerThread1" daemon [_thread_in_native, id=10272, stack(0x0000003bb2e00000,0x0000003bb2f00000)]
  0x0000021ede365800 JavaThread "Service Thread" daemon [_thread_blocked, id=18420, stack(0x0000003bb2f00000,0x0000003bb3000000)]

Other Threads:
  0x0000021edcda0000 VMThread "VM Thread" [stack: 0x0000003bb2500000,0x0000003bb2600000] [id=13112]
  0x0000021ede4a7800 WatcherThread [stack: 0x0000003bb3000000,0x0000003bb3100000] [id=1260]
  0x0000021ec3070800 GCTaskThread "ParGC Thread#0" [stack: 0x0000003bb2400000,0x0000003bb2500000] [id=13696]

Threads with active compile tasks:
C2 CompilerThread0    672  538       4       java.util.jar.Attributes$Name::hash (148 bytes)
C1 CompilerThread0    672  547       3       java.lang.Integer::stringSize (47 bytes)
C2 CompilerThread1    672  537   !   4       java.util.jar.Attributes::read (388 bytes)

VM state:not at safepoint (normal execution)

VM Mutex/Monitor currently owned by a thread: None

Heap address: 0x00000000c0000000, size: 1024 MB, Compressed Oops mode: 32-bit
Narrow klass base: 0x0000000000000000, Narrow klass shift: 3
Compressed class space size: 1073741824 Address: 0x0000000100000000

Heap:
 PSYoungGen      total 29696K, used 12468K [0x00000000eab00000, 0x00000000ecc00000, 0x0000000100000000)
  eden space 25600K, 48% used [0x00000000eab00000,0x00000000eb72d148,0x00000000ec400000)
  from space 4096K, 0% used [0x00000000ec800000,0x00000000ec800000,0x00000000ecc00000)
  to   space 4096K, 0% used [0x00000000ec400000,0x00000000ec400000,0x00000000ec800000)
 ParOldGen       total 68608K, used 0K [0x00000000c0000000, 0x00000000c4300000, 0x00000000eab00000)
  object space 68608K, 0% used [0x00000000c0000000,0x00000000c0000000,0x00000000c4300000)
 Metaspace       used 9893K, capacity 10068K, committed 10240K, reserved 1058816K
  class space    used 895K, capacity 954K, committed 1024K, reserved 1048576K

Card table byte_map: [0x0000021ec2a50000,0x0000021ec2c60000] _byte_map_base: 0x0000021ec2450000

Marking Bits: (ParMarkBitMap*) 0x00007ffdf5a9f440
 Begin Bits: [0x0000021eda4e0000, 0x0000021edb4e0000)
 End Bits:   [0x0000021edb4e0000, 0x0000021edc4e0000)

Polling page: 0x0000021ec2840000

Metaspace:

Usage:
  Non-class:      8.90 MB capacity,     8.79 MB ( 99%) used,   106.42 KB (  1%) free+waste,     9.19 KB ( <1%) overhead. 
      Class:    954.00 KB capacity,   895.38 KB ( 94%) used,    54.63 KB (  6%) free+waste,     4.00 KB ( <1%) overhead. 
       Both:      9.83 MB capacity,     9.66 MB ( 98%) used,   161.05 KB (  2%) free+waste,    13.19 KB ( <1%) overhead. 

Virtual space:
  Non-class space:       10.00 MB reserved,       9.00 MB ( 90%) committed 
      Class space:        1.00 GB reserved,       1.00 MB ( <1%) committed 
             Both:        1.01 GB reserved,      10.00 MB ( <1%) committed 

Chunk freelists:
   Non-Class:  4.75 KB
       Class:  768 bytes
        Both:  5.50 KB

CodeHeap 'non-profiled nmethods': size=120000Kb used=153Kb max_used=153Kb free=119846Kb
 bounds [0x0000021ed2fb0000, 0x0000021ed3220000, 0x0000021eda4e0000]
CodeHeap 'profiled nmethods': size=120000Kb used=817Kb max_used=817Kb free=119182Kb
 bounds [0x0000021ecba80000, 0x0000021ecbcf0000, 0x0000021ed2fb0000]
CodeHeap 'non-nmethods': size=5760Kb used=1064Kb max_used=1085Kb free=4695Kb
 bounds [0x0000021ecb4e0000, 0x0000021ecb750000, 0x0000021ecba80000]
 total_blobs=900 nmethods=543 adapters=271
 compilation: enabled
              stopped_count=0, restarted_count=0
 full_count=0

Compilation events (10 events):
Event: 0.539 Thread 0x0000021ede12b800 nmethod 542 0x0000021ecbb49e90 code [0x0000021ecbb4a080, 0x0000021ecbb4a780]
Event: 0.539 Thread 0x0000021ede12b800  543       3       java.util.Vector::add (23 bytes)
Event: 0.539 Thread 0x0000021ede12b800 nmethod 543 0x0000021ecbb4aa10 code [0x0000021ecbb4ac00, 0x0000021ecbb4b120]
Event: 0.539 Thread 0x0000021ede12b800  544       3       sun.security.util.DerValue::<init> (16 bytes)
Event: 0.539 Thread 0x0000021ede12b800 nmethod 544 0x0000021ecbb4b390 code [0x0000021ecbb4b540, 0x0000021ecbb4b770]
Event: 0.540 Thread 0x0000021ede12b800  545       3       sun.security.util.ObjectIdentifier::hashCode (8 bytes)
Event: 0.540 Thread 0x0000021ede12b800 nmethod 545 0x0000021ecbb4b890 code [0x0000021ecbb4ba40, 0x0000021ecbb4bbd0]
Event: 0.540 Thread 0x0000021ede12b800  546       3       java.security.Provider$ServiceKey::<init> (39 bytes)
Event: 0.540 Thread 0x0000021ede12b800 nmethod 546 0x0000021ecbb4bc90 code [0x0000021ecbb4be80, 0x0000021ecbb4c330]
Event: 0.543 Thread 0x0000021ede12b800  547       3       java.lang.Integer::stringSize (47 bytes)

GC Heap History (0 events):
No events

Deoptimization events (1 events):
Event: 0.299 Thread 0x0000021ec305c000 Uncommon trap: reason=unstable_if action=reinterpret pc=0x0000021ed2fbb960 method=java.util.HashMap.putVal(ILjava/lang/Object;Ljava/lang/Object;ZZ)Ljava/lang/Object; @ 181 c2

Classes redefined (0 events):
No events

Internal exceptions (6 events):
Event: 0.435 Thread 0x0000021ec305c000 Exception <a 'java/lang/ClassNotFoundException'{0x00000000eaf8c2c0}: sun/net/www/protocol/c/Handler> (0x00000000eaf8c2c0) thrown at [./open/src/hotspot/share/classfile/systemDictionary.cpp, line 228]
Event: 0.466 Thread 0x0000021ec305c000 Exception <a 'java/io/FileNotFoundException'{0x00000000eaf9b1e8}> (0x00000000eaf9b1e8) thrown at [./open/src/hotspot/share/prims/jni.cpp, line 611]
Event: 0.466 Thread 0x0000021ec305c000 Exception <a 'java/io/FileNotFoundException'{0x00000000eaf9c408}> (0x00000000eaf9c408) thrown at [./open/src/hotspot/share/prims/jni.cpp, line 611]
Event: 0.466 Thread 0x0000021ec305c000 Exception <a 'java/io/FileNotFoundException'{0x00000000eaf9d500}> (0x00000000eaf9d500) thrown at [./open/src/hotspot/share/prims/jni.cpp, line 611]
Event: 0.467 Thread 0x0000021ec305c000 Exception <a 'java/io/FileNotFoundException'{0x00000000eaf9e630}> (0x00000000eaf9e630) thrown at [./open/src/hotspot/share/prims/jni.cpp, line 611]
Event: 0.473 Thread 0x0000021ec305c000 Exception <a 'java/io/FileNotFoundException'{0x00000000eafbacd8}> (0x00000000eafbacd8) thrown at [./open/src/hotspot/share/prims/jni.cpp, line 611]

Events (10 events):
Event: 0.493 loading class org/eclipse/core/runtime/adaptor/EclipseStarter
Event: 0.493 loading class org/eclipse/core/runtime/adaptor/EclipseStarter done
Event: 0.493 loading class java/net/URLClassLoader$1
Event: 0.493 loading class java/net/URLClassLoader$1 done
Event: 0.503 Thread 0x0000021ec305c000 DEOPT PACKING pc=0x0000021ecbb2088e sp=0x0000003bb23f99a0
Event: 0.503 Thread 0x0000021ec305c000 DEOPT UNPACKING pc=0x0000021ecb50854e sp=0x0000003bb23f8e40 mode 0
Event: 0.530 Thread 0x0000021ec305c000 DEOPT PACKING pc=0x0000021ecbb36095 sp=0x0000003bb23fd030
Event: 0.530 Thread 0x0000021ec305c000 DEOPT UNPACKING pc=0x0000021ecb50854e sp=0x0000003bb23fc4b0 mode 0
Event: 0.532 Thread 0x0000021ec305c000 DEOPT PACKING pc=0x0000021ecbacab50 sp=0x0000003bb23fd000
Event: 0.532 Thread 0x0000021ec305c000 DEOPT UNPACKING pc=0x0000021ecb50854e sp=0x0000003bb23fc488 mode 0


Dynamic libraries:
0x00007ff769e60000 - 0x00007ff769e6f000 	C:\Program Files\Java\jdk-11.0.9\bin\java.exe
0x00007ffe3e7b0000 - 0x00007ffe3e9a6000 	C:\WINDOWS\SYSTEM32\ntdll.dll
0x00007ffe3dbf0000 - 0x00007ffe3dcad000 	C:\WINDOWS\System32\KERNEL32.DLL
0x00007ffe3c100000 - 0x00007ffe3c3c8000 	C:\WINDOWS\System32\KERNELBASE.dll
0x00007ffe3c000000 - 0x00007ffe3c100000 	C:\WINDOWS\System32\ucrtbase.dll
0x00007ffe29c90000 - 0x00007ffe29ca8000 	C:\Program Files\Java\jdk-11.0.9\bin\jli.dll
0x00007ffe291b0000 - 0x00007ffe291c5000 	C:\Program Files\Java\jdk-11.0.9\bin\VCRUNTIME140.dll
0x00007ffe3e6c0000 - 0x00007ffe3e76c000 	C:\WINDOWS\System32\ADVAPI32.dll
0x00007ffe3cfc0000 - 0x00007ffe3d05e000 	C:\WINDOWS\System32\msvcrt.dll
0x00007ffe3d780000 - 0x00007ffe3d81b000 	C:\WINDOWS\System32\sechost.dll
0x00007ffe3e2c0000 - 0x00007ffe3e3e4000 	C:\WINDOWS\System32\RPCRT4.dll
0x00007ffe3d0f0000 - 0x00007ffe3d290000 	C:\WINDOWS\System32\USER32.dll
0x00007ffe3c730000 - 0x00007ffe3c752000 	C:\WINDOWS\System32\win32u.dll
0x00007ffe28e00000 - 0x00007ffe2909b000 	C:\WINDOWS\WinSxS\amd64_microsoft.windows.common-controls_6595b64144ccf1df_6.0.19041.488_none_ca04af081b815d21\COMCTL32.dll
0x00007ffe3e550000 - 0x00007ffe3e57a000 	C:\WINDOWS\System32\GDI32.dll
0x00007ffe3bef0000 - 0x00007ffe3bff9000 	C:\WINDOWS\System32\gdi32full.dll
0x00007ffe3c3d0000 - 0x00007ffe3c46d000 	C:\WINDOWS\System32\msvcp_win.dll
0x00007ffe35c40000 - 0x00007ffe35c4a000 	C:\WINDOWS\SYSTEM32\VERSION.dll
0x00007ffe3d290000 - 0x00007ffe3d2c0000 	C:\WINDOWS\System32\IMM32.DLL
0x00007ffe070d0000 - 0x00007ffe0716b000 	C:\Program Files\Java\jdk-11.0.9\bin\msvcp140.dll
0x00007ffdf5060000 - 0x00007ffdf5b57000 	C:\Program Files\Java\jdk-11.0.9\bin\server\jvm.dll
0x00007ffe3d430000 - 0x00007ffe3d438000 	C:\WINDOWS\System32\PSAPI.DLL
0x00007ffe2b2c0000 - 0x00007ffe2b2e7000 	C:\WINDOWS\SYSTEM32\WINMM.dll
0x00007ffe20a50000 - 0x00007ffe20a59000 	C:\WINDOWS\SYSTEM32\WSOCK32.dll
0x00007ffe3e250000 - 0x00007ffe3e2bb000 	C:\WINDOWS\System32\WS2_32.dll
0x00007ffe39e90000 - 0x00007ffe39ea2000 	C:\WINDOWS\SYSTEM32\kernel.appcore.dll
0x00007ffe2bbe0000 - 0x00007ffe2bbf0000 	C:\Program Files\Java\jdk-11.0.9\bin\verify.dll
0x00007ffe39ae0000 - 0x00007ffe39cc4000 	C:\WINDOWS\SYSTEM32\DBGHELP.DLL
0x00007ffe1fa40000 - 0x00007ffe1fa6c000 	C:\WINDOWS\SYSTEM32\dbgcore.DLL
0x00007ffe3c760000 - 0x00007ffe3c7df000 	C:\WINDOWS\System32\bcryptPrimitives.dll
0x00007ffe262e0000 - 0x00007ffe26308000 	C:\Program Files\Java\jdk-11.0.9\bin\java.dll
0x00007ffe2bbb0000 - 0x00007ffe2bbba000 	C:\Program Files\Java\jdk-11.0.9\bin\jimage.dll
0x00007ffe28410000 - 0x00007ffe28426000 	C:\Program Files\Java\jdk-11.0.9\bin\zip.dll
0x00007ffe3c870000 - 0x00007ffe3cfb1000 	C:\WINDOWS\System32\SHELL32.dll
0x00007ffe3a000000 - 0x00007ffe3a795000 	C:\WINDOWS\SYSTEM32\windows.storage.dll
0x00007ffe3d820000 - 0x00007ffe3db75000 	C:\WINDOWS\System32\combase.dll
0x00007ffe3b820000 - 0x00007ffe3b84c000 	C:\WINDOWS\SYSTEM32\Wldp.dll
0x00007ffe3d520000 - 0x00007ffe3d5ce000 	C:\WINDOWS\System32\SHCORE.dll
0x00007ffe3c810000 - 0x00007ffe3c865000 	C:\WINDOWS\System32\shlwapi.dll
0x00007ffe3be20000 - 0x00007ffe3be46000 	C:\WINDOWS\SYSTEM32\profapi.dll
0x00007ffe277b0000 - 0x00007ffe277c9000 	C:\Program Files\Java\jdk-11.0.9\bin\net.dll
0x00007ffe34430000 - 0x00007ffe34530000 	C:\WINDOWS\SYSTEM32\WINHTTP.dll
0x00007ffe3b5b0000 - 0x00007ffe3b61a000 	C:\WINDOWS\system32\mswsock.dll
0x00007ffe275f0000 - 0x00007ffe27602000 	C:\Program Files\Java\jdk-11.0.9\bin\nio.dll
0x00007ffe3b860000 - 0x00007ffe3b878000 	C:\WINDOWS\SYSTEM32\CRYPTSP.dll
0x00007ffe3af60000 - 0x00007ffe3af94000 	C:\WINDOWS\system32\rsaenh.dll
0x00007ffe3c7e0000 - 0x00007ffe3c807000 	C:\WINDOWS\System32\bcrypt.dll
0x00007ffe3bde0000 - 0x00007ffe3be0e000 	C:\WINDOWS\SYSTEM32\USERENV.dll
0x00007ffe3b790000 - 0x00007ffe3b79c000 	C:\WINDOWS\SYSTEM32\CRYPTBASE.dll
0x00007ffe3b2c0000 - 0x00007ffe3b2fb000 	C:\WINDOWS\SYSTEM32\IPHLPAPI.DLL
0x00007ffe3dbe0000 - 0x00007ffe3dbe8000 	C:\WINDOWS\System32\NSI.dll
0x00007ffe32b80000 - 0x00007ffe32b97000 	C:\WINDOWS\SYSTEM32\dhcpcsvc6.DLL
0x00007ffe2f8a0000 - 0x00007ffe2f8bd000 	C:\WINDOWS\SYSTEM32\dhcpcsvc.DLL
0x00007ffe3b350000 - 0x00007ffe3b41b000 	C:\WINDOWS\SYSTEM32\DNSAPI.dll

dbghelp: loaded successfully - version: 4.0.5 - missing functions: none
symbol engine: initialized successfully - sym options: 0x614 - pdb path: .;C:\Program Files\Java\jdk-11.0.9\bin;C:\WINDOWS\SYSTEM32;C:\WINDOWS\WinSxS\amd64_microsoft.windows.common-controls_6595b64144ccf1df_6.0.19041.488_none_ca04af081b815d21;C:\Program Files\Java\jdk-11.0.9\bin\server

VM Arguments:
jvm_args: --add-modules=ALL-SYSTEM --add-opens=java.base/java.util=ALL-UNNAMED --add-opens=java.base/java.lang=ALL-UNNAMED -Declipse.application=org.eclipse.jdt.ls.core.id1 -Dosgi.bundles.defaultStartLevel=4 -Declipse.product=org.eclipse.jdt.ls.core.product -Dfile.encoding=utf8 -DwatchParentProcess=false -XX:+UseParallelGC -XX:GCTimeRatio=4 -XX:AdaptiveSizePolicyWeight=90 -Dsun.zip.disableMemoryMapping=true -Xmx1G -Xms100m -Xverify:none 
java_command: c:\Users\ssij\.vscode\extensions\redhat.java-0.71.0\server\plugins\org.eclipse.equinox.launcher_1.6.0.v20200915-1508.jar -configuration c:\Users\ssij\AppData\Roaming\Code\User\globalStorage\redhat.java\0.71.0\config_ss_win -data c:\Users\ssij\AppData\Roaming\Code\User\workspaceStorage\ce9bd1c2a904ba55425b1d37feee0edb\redhat.java\ss_ws
java_class_path (initial): c:\Users\ssij\.vscode\extensions\redhat.java-0.71.0\server\plugins\org.eclipse.equinox.launcher_1.6.0.v20200915-1508.jar
Launcher Type: SUN_STANDARD

[Global flags]
    uintx AdaptiveSizePolicyWeight                 = 90                                        {product} {command line}
     bool BytecodeVerificationLocal                = false                                     {product} {command line}
     bool BytecodeVerificationRemote               = false                                     {product} {command line}
     intx CICompilerCount                          = 4                                         {product} {ergonomic}
    uintx GCTimeRatio                              = 4                                         {product} {command line}
   size_t InitialHeapSize                          = 104857600                                 {product} {command line}
   size_t MaxHeapSize                              = 1073741824                                {product} {command line}
   size_t MaxNewSize                               = 357564416                                 {product} {ergonomic}
   size_t MinHeapDeltaBytes                        = 524288                                    {product} {ergonomic}
   size_t NewSize                                  = 34603008                                  {product} {ergonomic}
    uintx NonNMethodCodeHeapSize                   = 5836300                                {pd product} {ergonomic}
    uintx NonProfiledCodeHeapSize                  = 122910970                              {pd product} {ergonomic}
   size_t OldSize                                  = 70254592                                  {product} {ergonomic}
    uintx ProfiledCodeHeapSize                     = 122910970                              {pd product} {ergonomic}
    uintx ReservedCodeCacheSize                    = 251658240                              {pd product} {ergonomic}
     bool SegmentedCodeCache                       = true                                      {product} {ergonomic}
     bool UseCompressedClassPointers               = true                                 {lp64_product} {ergonomic}
     bool UseCompressedOops                        = true                                 {lp64_product} {ergonomic}
     bool UseLargePagesIndividualAllocation        = false                                  {pd product} {ergonomic}
     bool UseParallelGC                            = true                                      {product} {command line}

Logging:
Log output configuration:
 #0: stdout all=warning uptime,level,tags
 #1: stderr all=off uptime,level,tags

Environment Variables:
JAVA_HOME=C:\Program Files\Java\jdk-11.0.9\bin
PATH=C:\Program Files\Common Files\Oracle\Java\javapath;C:\Program Files (x86)\Common Files\Oracle\Java\javapath;C:\ProgramData\Oracle\Java\javapath;C:\WINDOWS\system32;C:\WINDOWS;C:\WINDOWS\System32\Wbem;C:\WINDOWS\System32\WindowsPowerShell\v1.0\;C:\WINDOWS\System32\OpenSSH\;C:\Program Files\Java\jdk-11.0.9\bin;F:\Program Files\nodejs\;C:\Program Files (x86)\Yarn\bin\;F:\Program Files\Git\cmd;C:\Program Files\dotnet\;C:\WINDOWS\system32;C:\WINDOWS;C:\WINDOWS\System32\Wbem;C:\WINDOWS\System32\WindowsPowerShell\v1.0\;C:\WINDOWS\System32\OpenSSH\;C:\Program Files\Microsoft SQL Server\130\Tools\Binn\;C:\Program Files\Microsoft SQL Server\Client SDK\ODBC\170\Tools\Binn\;C:\Users\ssij\Desktop\apache-maven-3.6.3\bin;;C:\Program Files (x86)\NVIDIA Corporation\PhysX\Common;C:\Program Files\NVIDIA Corporation\NVIDIA NvDLISR;C:\Program Files\Docker\Docker\resources\bin;C:\ProgramData\DockerDesktop\version-bin;C:\ProgramData\chocolatey\bin;F:\Program Files\PuTTY\;C:\Users\ssij\AppData\Local\Programs\Python\Python38\Scripts\;C:\Users\ssij\AppData\Local\Programs\Python\Python38\;C:\Users\ssij\AppData\Local\Microsoft\WindowsApps;C:\Users\ssij\AppData\Roaming\npm;C:\Users\ssij\AppData\Local\Programs\Microsoft VS Code\bin;C:\Users\ssij\AppData\Local\Yarn\bin;C:\Users\ssij\Desktop\Spark\spark-3.0.0-bin-hadoop3.2\bin;C:\Users\ssij\Desktop\hadoop\bin;C:\Users\ssij\Desktop\Spark\spark-3.0.0-bin-hadoop3.2\python;C:\Users\ssij\Desktop\Spark\spark-3.0.0-bin-hadoop3.2\python\lib\py4j-0.10.9-src.zip;C:\Users\ssij\.dotnet\tools;C:\Users\ssij\Desktop\apache-maven-3.6.3\bin;C:\tools\dart-sdk\bin;C:\Users\ssij\AppData\Roaming\Pub\Cache\bin;
USERNAME=ssij
OS=Windows_NT
PROCESSOR_IDENTIFIER=Intel64 Family 6 Model 158 Stepping 10, GenuineIntel



---------------  S Y S T E M  ---------------

OS: Windows 10 , 64 bit Build 19041 (10.0.19041.546)
HyperV virtualization detected

CPU:total 8 (initial active 8) (4 cores per cpu, 2 threads per core) family 6 model 158 stepping 10, cmov, cx8, fxsr, mmx, sse, sse2, sse3, ssse3, sse4.1, sse4.2, popcnt, avx, avx2, aes, clmul, erms, 3dnowpref, lzcnt, ht, tsc, tscinvbit, bmi1, bmi2, adx, fma

Memory: 4k page, system-wide physical 8034M (1559M free)
TotalPageFile size 12130M (AvailPageFile size 5M)
current process WorkingSet (physical memory assigned to process): 49M, peak: 49M
current process commit charge ("private bytes"): 193M, peak: 193M

vm_info: Java HotSpot(TM) 64-Bit Server VM (11.0.9+7-LTS) for windows-amd64 JRE (11.0.9+7-LTS), built on Sep 15 2020 16:47:03 by "mach5one" with MS VC++ 15.9 (VS2017)

END.
