#
# There is insufficient memory for the Java Runtime Environment to continue.
# Native memory allocation (malloc) failed to allocate 782896 bytes for Chunk::new
# Possible reasons:
#   The system is out of physical RAM or swap space
#   The process is running with CompressedOops enabled, and the Java Heap may be blocking the growth of the native heap
# Possible solutions:
#   Reduce memory load on the system
#   Increase physical memory or swap space
#   Check if swap backing store is full
#   Decrease Java heap size (-Xmx/-Xms)
#   Decrease number of Java threads
#   Decrease Java thread stack sizes (-Xss)
#   Set larger code cache with -XX:ReservedCodeCacheSize=
#   JVM is running with Unscaled Compressed Oops mode in which the Java heap is
#     placed in the first 4GB address space. The Java Heap base address is the
#     maximum limit for the native heap growth. Please use -XX:HeapBaseMinAddress
#     to set the Java Heap base and to place the Java Heap above 4GB virtual address.
# This output file may be truncated or incomplete.
#
#  Out of Memory Error (./open/src/hotspot/share/memory/arena.cpp:197), pid=17656, tid=9136
#
# JRE version: Java(TM) SE Runtime Environment 18.9 (11.0.9+7) (build 11.0.9+7-LTS)
# Java VM: Java HotSpot(TM) 64-Bit Server VM 18.9 (11.0.9+7-LTS, mixed mode, tiered, compressed oops, parallel gc, windows-amd64)
# No core dump will be written. Minidumps are not enabled by default on client versions of Windows
#

---------------  S U M M A R Y ------------

Command Line: --add-modules=ALL-SYSTEM --add-opens=java.base/java.util=ALL-UNNAMED --add-opens=java.base/java.lang=ALL-UNNAMED -Declipse.application=org.eclipse.jdt.ls.core.id1 -Dosgi.bundles.defaultStartLevel=4 -Declipse.product=org.eclipse.jdt.ls.core.product -Dfile.encoding=utf8 -DwatchParentProcess=false -XX:+UseParallelGC -XX:GCTimeRatio=4 -XX:AdaptiveSizePolicyWeight=90 -Dsun.zip.disableMemoryMapping=true -Xmx1G -Xms100m -Xverify:none c:\Users\ssij\.vscode\extensions\redhat.java-0.71.0\server\plugins\org.eclipse.equinox.launcher_1.6.0.v20200915-1508.jar -configuration c:\Users\ssij\AppData\Roaming\Code\User\globalStorage\redhat.java\0.71.0\config_win -data c:\Users\ssij\AppData\Roaming\Code\User\workspaceStorage\ce9bd1c2a904ba55425b1d37feee0edb\redhat.java\jdt_ws

Host: Intel(R) Core(TM) i5-8300H CPU @ 2.30GHz, 8 cores, 7G,  Windows 10 , 64 bit Build 19041 (10.0.19041.546)
Time: Sat Nov 21 20:44:52 2020 Центральная Азия (зима) elapsed time: 3.091381 seconds (0d 0h 0m 3s)

---------------  T H R E A D  ---------------

Current thread (0x000002d52ccc1800):  JavaThread "C2 CompilerThread2" daemon [_thread_in_native, id=9136, stack(0x000000f0cc300000,0x000000f0cc400000)]


Current CompileTask:
C2:   3091 3817   !   4       sun.nio.cs.StreamDecoder::read (196 bytes)

Stack: [0x000000f0cc300000,0x000000f0cc400000]
Native frames: (J=compiled Java code, j=interpreted, Vv=VM code, C=native code)
V  [jvm.dll+0x611a3a]
V  [jvm.dll+0x748aaf]
V  [jvm.dll+0x74a135]
V  [jvm.dll+0x74a7b3]
V  [jvm.dll+0x2439f8]
V  [jvm.dll+0xba2bc]
V  [jvm.dll+0xba9bc]
V  [jvm.dll+0x3454a2]
V  [jvm.dll+0x194221]
V  [jvm.dll+0x1fd5a2]
V  [jvm.dll+0x1fc64f]
V  [jvm.dll+0x17f08c]
V  [jvm.dll+0x20bc54]
V  [jvm.dll+0x209d2b]
V  [jvm.dll+0x7103d9]
V  [jvm.dll+0x709114]
V  [jvm.dll+0x610cb6]
C  [ucrtbase.dll+0x214c2]
C  [KERNEL32.DLL+0x17034]
C  [ntdll.dll+0x4cec1]


---------------  P R O C E S S  ---------------

Threads class SMR info:
_java_thread_list=0x000002d52eeb3600, length=27, elements={
0x000002d50ddb9800, 0x000002d529a55000, 0x000002d529b61000, 0x000002d52ac15000,
0x000002d529b75000, 0x000002d529b76800, 0x000002d529b7a800, 0x000002d529b81800,
0x000002d52ad6b000, 0x000002d52ae12800, 0x000002d52c39d800, 0x000002d52ccc1800,
0x000002d52c171800, 0x000002d52d0aa000, 0x000002d52ad78800, 0x000002d52c3d7000,
0x000002d52c2f4000, 0x000002d52d4a9800, 0x000002d52c295800, 0x000002d52db79800,
0x000002d52d68c000, 0x000002d52d839000, 0x000002d52d83b800, 0x000002d52d83c000,
0x000002d52d83a800, 0x000002d52d83d000, 0x000002d52d837800
}

Java Threads: ( => current thread )
  0x000002d50ddb9800 JavaThread "main" [_thread_blocked, id=14684, stack(0x000000f0cb500000,0x000000f0cb600000)]
  0x000002d529a55000 JavaThread "Reference Handler" daemon [_thread_blocked, id=14064, stack(0x000000f0cb800000,0x000000f0cb900000)]
  0x000002d529b61000 JavaThread "Finalizer" daemon [_thread_blocked, id=3416, stack(0x000000f0cb900000,0x000000f0cba00000)]
  0x000002d52ac15000 JavaThread "Signal Dispatcher" daemon [_thread_blocked, id=13936, stack(0x000000f0cba00000,0x000000f0cbb00000)]
  0x000002d529b75000 JavaThread "Attach Listener" daemon [_thread_blocked, id=12812, stack(0x000000f0cbb00000,0x000000f0cbc00000)]
  0x000002d529b76800 JavaThread "C2 CompilerThread0" daemon [_thread_in_native, id=17568, stack(0x000000f0cbc00000,0x000000f0cbd00000)]
  0x000002d529b7a800 JavaThread "C1 CompilerThread0" daemon [_thread_in_native, id=11996, stack(0x000000f0cbd00000,0x000000f0cbe00000)]
  0x000002d529b81800 JavaThread "Sweeper thread" daemon [_thread_blocked, id=5276, stack(0x000000f0cbe00000,0x000000f0cbf00000)]
  0x000002d52ad6b000 JavaThread "Common-Cleaner" daemon [_thread_blocked, id=15772, stack(0x000000f0cbf00000,0x000000f0cc000000)]
  0x000002d52ae12800 JavaThread "Service Thread" daemon [_thread_blocked, id=3936, stack(0x000000f0cc100000,0x000000f0cc200000)]
  0x000002d52c39d800 JavaThread "C2 CompilerThread1" daemon [_thread_in_native, id=9504, stack(0x000000f0cc000000,0x000000f0cc100000)]
=>0x000002d52ccc1800 JavaThread "C2 CompilerThread2" daemon [_thread_in_native, id=9136, stack(0x000000f0cc300000,0x000000f0cc400000)]
  0x000002d52c171800 JavaThread "Active Thread: Equinox Container: 610fbde7-7df5-4bcd-9389-fcae2a2d88c7" [_thread_blocked, id=17340, stack(0x000000f0cc400000,0x000000f0cc500000)]
  0x000002d52d0aa000 JavaThread "Framework Event Dispatcher: Equinox Container: 610fbde7-7df5-4bcd-9389-fcae2a2d88c7" daemon [_thread_blocked, id=17788, stack(0x000000f0cc500000,0x000000f0cc600000)]
  0x000002d52ad78800 JavaThread "Start Level: Equinox Container: 610fbde7-7df5-4bcd-9389-fcae2a2d88c7" daemon [_thread_blocked, id=14612, stack(0x000000f0cc600000,0x000000f0cc700000)]
  0x000002d52c3d7000 JavaThread "SCR Component Actor" daemon [_thread_blocked, id=10368, stack(0x000000f0cca00000,0x000000f0ccb00000)]
  0x000002d52c2f4000 JavaThread "Timer-0" daemon [_thread_blocked, id=18068, stack(0x000000f0ccb00000,0x000000f0ccc00000)]
  0x000002d52d4a9800 JavaThread "Bundle File Closer" daemon [_thread_blocked, id=13892, stack(0x000000f0ccc00000,0x000000f0ccd00000)]
  0x000002d52c295800 JavaThread "Worker-JM" [_thread_blocked, id=424, stack(0x000000f0ccd00000,0x000000f0cce00000)]
  0x000002d52db79800 JavaThread "Worker-0: Updating Maven Dependencies" [_thread_blocked, id=6848, stack(0x000000f0cd000000,0x000000f0cd100000)]
  0x000002d52d68c000 JavaThread "Worker-1: Initialize Workspace" [_thread_in_native, id=3328, stack(0x000000f0cd100000,0x000000f0cd200000)]
  0x000002d52d839000 JavaThread "Java indexing" daemon [_thread_blocked, id=14688, stack(0x000000f0cd200000,0x000000f0cd300000)]
  0x000002d52d83b800 JavaThread "Worker-2" [_thread_blocked, id=10324, stack(0x000000f0cd500000,0x000000f0cd600000)]
  0x000002d52d83c000 JavaThread "logback configurator timer" daemon [_thread_blocked, id=6184, stack(0x000000f0cd600000,0x000000f0cd700000)]
  0x000002d52d83a800 JavaThread "pool-2-thread-1" [_thread_blocked, id=9896, stack(0x000000f0cd700000,0x000000f0cd800000)]
  0x000002d52d83d000 JavaThread "Worker-3: Repository registry initialization" [_thread_in_Java, id=6968, stack(0x000000f0cd800000,0x000000f0cd900000)]
  0x000002d52d837800 JavaThread "Worker-4: Register Watchers" [_thread_blocked, id=9180, stack(0x000000f0cd900000,0x000000f0cda00000)]

Other Threads:
  0x000002d52abd2000 VMThread "VM Thread" [stack: 0x000000f0cb700000,0x000000f0cb800000] [id=3140]
  0x000002d52ae72800 WatcherThread [stack: 0x000000f0cc200000,0x000000f0cc300000] [id=4512]
  0x000002d50ddd0000 GCTaskThread "ParGC Thread#0" [stack: 0x000000f0cb600000,0x000000f0cb700000] [id=2080]
  0x000002d52c3e3800 GCTaskThread "ParGC Thread#1" [stack: 0x000000f0cc700000,0x000000f0cc800000] [id=4044]
  0x000002d52c3e4000 GCTaskThread "ParGC Thread#2" [stack: 0x000000f0cc800000,0x000000f0cc900000] [id=1408]
  0x000002d52c2ba000 GCTaskThread "ParGC Thread#3" [stack: 0x000000f0cc900000,0x000000f0cca00000] [id=1400]
  0x000002d52d534000 GCTaskThread "ParGC Thread#4" [stack: 0x000000f0cce00000,0x000000f0ccf00000] [id=4284]
  0x000002d52daca000 GCTaskThread "ParGC Thread#5" [stack: 0x000000f0ccf00000,0x000000f0cd000000] [id=4504]
  0x000002d52d706000 GCTaskThread "ParGC Thread#6" [stack: 0x000000f0cd300000,0x000000f0cd400000] [id=13108]
  0x000002d52da45800 GCTaskThread "ParGC Thread#7" [stack: 0x000000f0cd400000,0x000000f0cd500000] [id=7772]

Threads with active compile tasks:
C2 CompilerThread0   3115 3702   !   4       org.eclipse.osgi.internal.loader.classpath.ClasspathManager::findClassImpl (308 bytes)
C1 CompilerThread0   3115 4169       3       com.google.common.cache.LocalCache$Segment::getEntry (73 bytes)
C2 CompilerThread1   3115 3796   !   4       org.eclipse.osgi.internal.loader.classpath.ClasspathManager::findLocalClass (210 bytes)
C2 CompilerThread2   3115 3817   !   4       sun.nio.cs.StreamDecoder::read (196 bytes)

VM state:not at safepoint (normal execution)

VM Mutex/Monitor currently owned by a thread: None

Heap address: 0x00000000c0000000, size: 1024 MB, Compressed Oops mode: 32-bit
Narrow klass base: 0x0000000000000000, Narrow klass shift: 3
Compressed class space size: 1073741824 Address: 0x0000000100000000

Heap:
 PSYoungGen      total 23552K, used 8706K [0x00000000eab00000, 0x00000000ec680000, 0x0000000100000000)
  eden space 22016K, 32% used [0x00000000eab00000,0x00000000eb200998,0x00000000ec080000)
  from space 1536K, 100% used [0x00000000ec280000,0x00000000ec400000,0x00000000ec400000)
  to   space 2560K, 0% used [0x00000000ec400000,0x00000000ec400000,0x00000000ec680000)
 ParOldGen       total 68608K, used 28789K [0x00000000c0000000, 0x00000000c4300000, 0x00000000eab00000)
  object space 68608K, 41% used [0x00000000c0000000,0x00000000c1c1d610,0x00000000c4300000)
 Metaspace       used 41180K, capacity 43424K, committed 43776K, reserved 1087488K
  class space    used 4255K, capacity 5008K, committed 5120K, reserved 1048576K

Card table byte_map: [0x000002d526c00000,0x000002d526e10000] _byte_map_base: 0x000002d526600000

Marking Bits: (ParMarkBitMap*) 0x00007ffdf5a9f440
 Begin Bits: [0x000002d526f70000, 0x000002d527f70000)
 End Bits:   [0x000002d527f70000, 0x000002d528f70000)

Polling page: 0x000002d5179f0000

Metaspace:

Usage:
  Non-class:     37.52 MB capacity,    36.06 MB ( 96%) used,     1.38 MB (  4%) free+waste,    78.44 KB ( <1%) overhead. 
      Class:      4.89 MB capacity,     4.16 MB ( 85%) used,   714.62 KB ( 14%) free+waste,    37.56 KB ( <1%) overhead. 
       Both:     42.41 MB capacity,    40.22 MB ( 95%) used,     2.08 MB (  5%) free+waste,   116.00 KB ( <1%) overhead. 

Virtual space:
  Non-class space:       38.00 MB reserved,      37.75 MB (>99%) committed 
      Class space:        1.00 GB reserved,       5.00 MB ( <1%) committed 
             Both:        1.04 GB reserved,      42.75 MB (  4%) committed 

Chunk freelists:
   Non-Class:  6.00 KB
       Class:  2.00 KB
        Both:  8.00 KB

CodeHeap 'non-profiled nmethods': size=120000Kb used=1677Kb max_used=1677Kb free=118323Kb
 bounds [0x000002d51f4e0000, 0x000002d51f750000, 0x000002d526a10000]
CodeHeap 'profiled nmethods': size=120000Kb used=7746Kb max_used=7746Kb free=112254Kb
 bounds [0x000002d517fb0000, 0x000002d518750000, 0x000002d51f4e0000]
CodeHeap 'non-nmethods': size=5760Kb used=1193Kb max_used=1258Kb free=4566Kb
 bounds [0x000002d517a10000, 0x000002d517c80000, 0x000002d517fb0000]
 total_blobs=4133 nmethods=3587 adapters=459
 compilation: enabled
              stopped_count=0, restarted_count=0
 full_count=0

Compilation events (10 events):
Event: 3.084 Thread 0x000002d529b7a800 4137       3       java.util.Collections$UnmodifiableCollection::toArray (10 bytes)
Event: 3.084 Thread 0x000002d529b7a800 nmethod 4137 0x000002d518739e10 code [0x000002d518739fc0, 0x000002d51873a1f0]
Event: 3.085 Thread 0x000002d529b7a800 4138       3       com.google.inject.internal.Errors::withSource (29 bytes)
Event: 3.086 Thread 0x000002d529b7a800 nmethod 4138 0x000002d51873a290 code [0x000002d51873a440, 0x000002d51873a798]
Event: 3.087 Thread 0x000002d529b7a800 4139       3       com.google.inject.internal.AbstractProcessor::visitOther (6 bytes)
Event: 3.087 Thread 0x000002d529b7a800 nmethod 4139 0x000002d51873a890 code [0x000002d51873aa40, 0x000002d51873acf8]
Event: 3.087 Thread 0x000002d529b7a800 4140       3       com.google.inject.internal.AbstractProcessor::visitOther (5 bytes)
Event: 3.088 Thread 0x000002d529b7a800 nmethod 4140 0x000002d51873ae10 code [0x000002d51873afc0, 0x000002d51873b198]
Event: 3.088 Thread 0x000002d529b7a800 4141       3       com.google.inject.spi.DefaultElementVisitor::visit (6 bytes)
Event: 3.088 Thread 0x000002d529b7a800 nmethod 4141 0x000002d51873b290 code [0x000002d51873b440, 0x000002d51873b650]

GC Heap History (10 events):
Event: 2.267 GC heap before
{Heap before GC invocations=13 (full 2):
 PSYoungGen      total 27648K, used 27392K [0x00000000eab00000, 0x00000000ecc00000, 0x0000000100000000)
  eden space 23040K, 100% used [0x00000000eab00000,0x00000000ec180000,0x00000000ec180000)
  from space 4608K, 94% used [0x00000000ec780000,0x00000000ecbc0020,0x00000000ecc00000)
  to   space 4608K, 0% used [0x00000000ec300000,0x00000000ec300000,0x00000000ec780000)
 ParOldGen       total 68608K, used 17712K [0x00000000c0000000, 0x00000000c4300000, 0x00000000eab00000)
  object space 68608K, 25% used [0x00000000c0000000,0x00000000c114c2e0,0x00000000c4300000)
 Metaspace       used 34409K, capacity 36598K, committed 36736K, reserved 1081344K
  class space    used 3406K, capacity 4146K, committed 4224K, reserved 1048576K
}
Event: 2.271 GC heap after
{Heap after GC invocations=13 (full 2):
 PSYoungGen      total 25088K, used 2304K [0x00000000eab00000, 0x00000000ec800000, 0x0000000100000000)
  eden space 22528K, 0% used [0x00000000eab00000,0x00000000eab00000,0x00000000ec100000)
  from space 2560K, 90% used [0x00000000ec300000,0x00000000ec540010,0x00000000ec580000)
  to   space 2560K, 0% used [0x00000000ec580000,0x00000000ec580000,0x00000000ec800000)
 ParOldGen       total 68608K, used 21842K [0x00000000c0000000, 0x00000000c4300000, 0x00000000eab00000)
  object space 68608K, 31% used [0x00000000c0000000,0x00000000c1554a28,0x00000000c4300000)
 Metaspace       used 34409K, capacity 36598K, committed 36736K, reserved 1081344K
  class space    used 3406K, capacity 4146K, committed 4224K, reserved 1048576K
}
Event: 2.295 GC heap before
{Heap before GC invocations=14 (full 2):
 PSYoungGen      total 25088K, used 24832K [0x00000000eab00000, 0x00000000ec800000, 0x0000000100000000)
  eden space 22528K, 100% used [0x00000000eab00000,0x00000000ec100000,0x00000000ec100000)
  from space 2560K, 90% used [0x00000000ec300000,0x00000000ec540010,0x00000000ec580000)
  to   space 2560K, 0% used [0x00000000ec580000,0x00000000ec580000,0x00000000ec800000)
 ParOldGen       total 68608K, used 21842K [0x00000000c0000000, 0x00000000c4300000, 0x00000000eab00000)
  object space 68608K, 31% used [0x00000000c0000000,0x00000000c1554a28,0x00000000c4300000)
 Metaspace       used 34409K, capacity 36598K, committed 36736K, reserved 1081344K
  class space    used 3406K, capacity 4146K, committed 4224K, reserved 1048576K
}
Event: 2.298 GC heap after
{Heap after GC invocations=14 (full 2):
 PSYoungGen      total 24064K, used 1984K [0x00000000eab00000, 0x00000000ec780000, 0x0000000100000000)
  eden space 22016K, 0% used [0x00000000eab00000,0x00000000eab00000,0x00000000ec080000)
  from space 2048K, 96% used [0x00000000ec580000,0x00000000ec770000,0x00000000ec780000)
  to   space 2560K, 0% used [0x00000000ec280000,0x00000000ec280000,0x00000000ec500000)
 ParOldGen       total 68608K, used 24082K [0x00000000c0000000, 0x00000000c4300000, 0x00000000eab00000)
  object space 68608K, 35% used [0x00000000c0000000,0x00000000c1784a38,0x00000000c4300000)
 Metaspace       used 34409K, capacity 36598K, committed 36736K, reserved 1081344K
  class space    used 3406K, capacity 4146K, committed 4224K, reserved 1048576K
}
Event: 2.548 GC heap before
{Heap before GC invocations=15 (full 2):
 PSYoungGen      total 24064K, used 24000K [0x00000000eab00000, 0x00000000ec780000, 0x0000000100000000)
  eden space 22016K, 100% used [0x00000000eab00000,0x00000000ec080000,0x00000000ec080000)
  from space 2048K, 96% used [0x00000000ec580000,0x00000000ec770000,0x00000000ec780000)
  to   space 2560K, 0% used [0x00000000ec280000,0x00000000ec280000,0x00000000ec500000)
 ParOldGen       total 68608K, used 24082K [0x00000000c0000000, 0x00000000c4300000, 0x00000000eab00000)
  object space 68608K, 35% used [0x00000000c0000000,0x00000000c1784a38,0x00000000c4300000)
 Metaspace       used 34768K, capacity 36931K, committed 37248K, reserved 1083392K
  class space    used 3428K, capacity 4150K, committed 4224K, reserved 1048576K
}
Event: 2.551 GC heap after
{Heap after GC invocations=15 (full 2):
 PSYoungGen      total 24064K, used 1824K [0x00000000eab00000, 0x00000000ec600000, 0x0000000100000000)
  eden space 22016K, 0% used [0x00000000eab00000,0x00000000eab00000,0x00000000ec080000)
  from space 2048K, 89% used [0x00000000ec280000,0x00000000ec448000,0x00000000ec480000)
  to   space 1536K, 0% used [0x00000000ec480000,0x00000000ec480000,0x00000000ec600000)
 ParOldGen       total 68608K, used 25944K [0x00000000c0000000, 0x00000000c4300000, 0x00000000eab00000)
  object space 68608K, 37% used [0x00000000c0000000,0x00000000c19562b8,0x00000000c4300000)
 Metaspace       used 34768K, capacity 36931K, committed 37248K, reserved 1083392K
  class space    used 3428K, capacity 4150K, committed 4224K, reserved 1048576K
}
Event: 2.769 GC heap before
{Heap before GC invocations=16 (full 2):
 PSYoungGen      total 24064K, used 23840K [0x00000000eab00000, 0x00000000ec600000, 0x0000000100000000)
  eden space 22016K, 100% used [0x00000000eab00000,0x00000000ec080000,0x00000000ec080000)
  from space 2048K, 89% used [0x00000000ec280000,0x00000000ec448000,0x00000000ec480000)
  to   space 1536K, 0% used [0x00000000ec480000,0x00000000ec480000,0x00000000ec600000)
 ParOldGen       total 68608K, used 25944K [0x00000000c0000000, 0x00000000c4300000, 0x00000000eab00000)
  object space 68608K, 37% used [0x00000000c0000000,0x00000000c19562b8,0x00000000c4300000)
 Metaspace       used 37142K, capacity 39304K, committed 39552K, reserved 1085440K
  class space    used 3717K, capacity 4448K, committed 4480K, reserved 1048576K
}
Event: 2.772 GC heap after
{Heap after GC invocations=16 (full 2):
 PSYoungGen      total 23040K, used 684K [0x00000000eab00000, 0x00000000ec580000, 0x0000000100000000)
  eden space 22016K, 0% used [0x00000000eab00000,0x00000000eab00000,0x00000000ec080000)
  from space 1024K, 66% used [0x00000000ec480000,0x00000000ec52b240,0x00000000ec580000)
  to   space 1536K, 0% used [0x00000000ec280000,0x00000000ec280000,0x00000000ec400000)
 ParOldGen       total 68608K, used 27741K [0x00000000c0000000, 0x00000000c4300000, 0x00000000eab00000)
  object space 68608K, 40% used [0x00000000c0000000,0x00000000c1b17610,0x00000000c4300000)
 Metaspace       used 37142K, capacity 39304K, committed 39552K, reserved 1085440K
  class space    used 3717K, capacity 4448K, committed 4480K, reserved 1048576K
}
Event: 3.007 GC heap before
{Heap before GC invocations=17 (full 2):
 PSYoungGen      total 23040K, used 22700K [0x00000000eab00000, 0x00000000ec580000, 0x0000000100000000)
  eden space 22016K, 100% used [0x00000000eab00000,0x00000000ec080000,0x00000000ec080000)
  from space 1024K, 66% used [0x00000000ec480000,0x00000000ec52b240,0x00000000ec580000)
  to   space 1536K, 0% used [0x00000000ec280000,0x00000000ec280000,0x00000000ec400000)
 ParOldGen       total 68608K, used 27741K [0x00000000c0000000, 0x00000000c4300000, 0x00000000eab00000)
  object space 68608K, 40% used [0x00000000c0000000,0x00000000c1b17610,0x00000000c4300000)
 Metaspace       used 39995K, capacity 42166K, committed 42240K, reserved 1087488K
  class space    used 4086K, capacity 4847K, committed 4864K, reserved 1048576K
}
Event: 3.009 GC heap after
{Heap after GC invocations=17 (full 2):
 PSYoungGen      total 23552K, used 1536K [0x00000000eab00000, 0x00000000ec680000, 0x0000000100000000)
  eden space 22016K, 0% used [0x00000000eab00000,0x00000000eab00000,0x00000000ec080000)
  from space 1536K, 100% used [0x00000000ec280000,0x00000000ec400000,0x00000000ec400000)
  to   space 2560K, 0% used [0x00000000ec400000,0x00000000ec400000,0x00000000ec680000)
 ParOldGen       total 68608K, used 28789K [0x00000000c0000000, 0x00000000c4300000, 0x00000000eab00000)
  object space 68608K, 41% used [0x00000000c0000000,0x00000000c1c1d610,0x00000000c4300000)
 Metaspace       used 39995K, capacity 42166K, committed 42240K, reserved 1087488K
  class space    used 4086K, capacity 4847K, committed 4864K, reserved 1048576K
}

Deoptimization events (10 events):
Event: 2.796 Thread 0x000002d52d83d000 Uncommon trap: reason=class_check action=maybe_recompile pc=0x000002d51f4f4cc8 method=java.util.regex.Matcher.getTextLength()I @ 4 c2
Event: 2.797 Thread 0x000002d52d83d000 Uncommon trap: reason=class_check action=maybe_recompile pc=0x000002d51f4f4cc8 method=java.util.regex.Matcher.getTextLength()I @ 4 c2
Event: 2.823 Thread 0x000002d52d83d000 Uncommon trap: reason=class_check action=maybe_recompile pc=0x000002d51f5414dc method=java.util.regex.Matcher.match(II)Z @ 121 c2
Event: 2.823 Thread 0x000002d52d83d000 Uncommon trap: reason=class_check action=maybe_recompile pc=0x000002d51f5414dc method=java.util.regex.Matcher.match(II)Z @ 121 c2
Event: 2.823 Thread 0x000002d52d83d000 Uncommon trap: reason=class_check action=maybe_recompile pc=0x000002d51f5414dc method=java.util.regex.Matcher.match(II)Z @ 121 c2
Event: 2.823 Thread 0x000002d52d83d000 Uncommon trap: reason=class_check action=maybe_recompile pc=0x000002d51f5414dc method=java.util.regex.Matcher.match(II)Z @ 121 c2
Event: 2.823 Thread 0x000002d52d83d000 Uncommon trap: reason=class_check action=maybe_recompile pc=0x000002d51f64f3c0 method=java.util.regex.Pattern$CharPropertyGreedy.match(Ljava/util/regex/Matcher;ILjava/lang/CharSequence;)Z @ 28 c2
Event: 2.825 Thread 0x000002d52d83d000 Uncommon trap: reason=class_check action=maybe_recompile pc=0x000002d51f64f3c0 method=java.util.regex.Pattern$CharPropertyGreedy.match(Ljava/util/regex/Matcher;ILjava/lang/CharSequence;)Z @ 28 c2
Event: 2.826 Thread 0x000002d52d83d000 Uncommon trap: reason=class_check action=maybe_recompile pc=0x000002d51f64f3c0 method=java.util.regex.Pattern$CharPropertyGreedy.match(Ljava/util/regex/Matcher;ILjava/lang/CharSequence;)Z @ 28 c2
Event: 2.826 Thread 0x000002d52d83d000 Uncommon trap: reason=class_check action=maybe_recompile pc=0x000002d51f64f3c0 method=java.util.regex.Pattern$CharPropertyGreedy.match(Ljava/util/regex/Matcher;ILjava/lang/CharSequence;)Z @ 28 c2

Classes redefined (0 events):
No events

Internal exceptions (10 events):
Event: 2.714 Thread 0x000002d52d68c000 Exception <a 'sun/nio/fs/WindowsException'{0x00000000ebbc4f68}> (0x00000000ebbc4f68) thrown at [./open/src/hotspot/share/prims/jni.cpp, line 611]
Event: 2.714 Thread 0x000002d52d68c000 Exception <a 'sun/nio/fs/WindowsException'{0x00000000ebbc99f0}> (0x00000000ebbc99f0) thrown at [./open/src/hotspot/share/prims/jni.cpp, line 611]
Event: 2.714 Thread 0x000002d52d68c000 Exception <a 'sun/nio/fs/WindowsException'{0x00000000ebbce770}> (0x00000000ebbce770) thrown at [./open/src/hotspot/share/prims/jni.cpp, line 611]
Event: 2.714 Thread 0x000002d52d68c000 Exception <a 'sun/nio/fs/WindowsException'{0x00000000ebbd3730}> (0x00000000ebbd3730) thrown at [./open/src/hotspot/share/prims/jni.cpp, line 611]
Event: 2.715 Thread 0x000002d52d68c000 Exception <a 'sun/nio/fs/WindowsException'{0x00000000ebbd7c58}> (0x00000000ebbd7c58) thrown at [./open/src/hotspot/share/prims/jni.cpp, line 611]
Event: 2.715 Thread 0x000002d52d68c000 Exception <a 'sun/nio/fs/WindowsException'{0x00000000ebbdc6c0}> (0x00000000ebbdc6c0) thrown at [./open/src/hotspot/share/prims/jni.cpp, line 611]
Event: 2.715 Thread 0x000002d52d68c000 Exception <a 'sun/nio/fs/WindowsException'{0x00000000ebbe1470}> (0x00000000ebbe1470) thrown at [./open/src/hotspot/share/prims/jni.cpp, line 611]
Event: 2.715 Thread 0x000002d52d68c000 Exception <a 'sun/nio/fs/WindowsException'{0x00000000ebbe5710}> (0x00000000ebbe5710) thrown at [./open/src/hotspot/share/prims/jni.cpp, line 611]
Event: 2.774 Thread 0x000002d52d83d000 Implicit null exception at 0x000002d51f57afdc to 0x000002d51f57b29a
Event: 2.784 Thread 0x000002d52d83d000 Implicit null exception at 0x000002d51f567459 to 0x000002d51f5676da

Events (10 events):
Event: 3.031 loading class sun/reflect/generics/scope/ConstructorScope
Event: 3.031 loading class sun/reflect/generics/scope/ConstructorScope done
Event: 3.031 loading class sun/reflect/generics/tree/VoidDescriptor
Event: 3.031 loading class sun/reflect/generics/tree/VoidDescriptor done
Event: 3.060 loading class javax/net/ssl/SSLSocketFactory
Event: 3.060 loading class javax/net/SocketFactory
Event: 3.060 loading class javax/net/SocketFactory done
Event: 3.060 loading class javax/net/ssl/SSLSocketFactory done
Event: 3.061 loading class java/security/NoSuchAlgorithmException
Event: 3.061 loading class java/security/NoSuchAlgorithmException done


Dynamic libraries:
0x00007ff769e60000 - 0x00007ff769e6f000 	C:\Program Files\Java\jdk-11.0.9\bin\java.exe
0x00007ffe3e7b0000 - 0x00007ffe3e9a6000 	C:\WINDOWS\SYSTEM32\ntdll.dll
0x00007ffe3dbf0000 - 0x00007ffe3dcad000 	C:\WINDOWS\System32\KERNEL32.DLL
0x00007ffe3c100000 - 0x00007ffe3c3c8000 	C:\WINDOWS\System32\KERNELBASE.dll
0x00007ffe3c000000 - 0x00007ffe3c100000 	C:\WINDOWS\System32\ucrtbase.dll
0x00007ffe291b0000 - 0x00007ffe291c5000 	C:\Program Files\Java\jdk-11.0.9\bin\VCRUNTIME140.dll
0x00007ffe29c90000 - 0x00007ffe29ca8000 	C:\Program Files\Java\jdk-11.0.9\bin\jli.dll
0x00007ffe3e6c0000 - 0x00007ffe3e76c000 	C:\WINDOWS\System32\ADVAPI32.dll
0x00007ffe3cfc0000 - 0x00007ffe3d05e000 	C:\WINDOWS\System32\msvcrt.dll
0x00007ffe3d780000 - 0x00007ffe3d81b000 	C:\WINDOWS\System32\sechost.dll
0x00007ffe3e2c0000 - 0x00007ffe3e3e4000 	C:\WINDOWS\System32\RPCRT4.dll
0x00007ffe3d0f0000 - 0x00007ffe3d290000 	C:\WINDOWS\System32\USER32.dll
0x00007ffe3c730000 - 0x00007ffe3c752000 	C:\WINDOWS\System32\win32u.dll
0x00007ffe3e550000 - 0x00007ffe3e57a000 	C:\WINDOWS\System32\GDI32.dll
0x00007ffe3bef0000 - 0x00007ffe3bff9000 	C:\WINDOWS\System32\gdi32full.dll
0x00007ffe3c3d0000 - 0x00007ffe3c46d000 	C:\WINDOWS\System32\msvcp_win.dll
0x00007ffe28e00000 - 0x00007ffe2909b000 	C:\WINDOWS\WinSxS\amd64_microsoft.windows.common-controls_6595b64144ccf1df_6.0.19041.488_none_ca04af081b815d21\COMCTL32.dll
0x00007ffe35c40000 - 0x00007ffe35c4a000 	C:\WINDOWS\SYSTEM32\VERSION.dll
0x00007ffe3d290000 - 0x00007ffe3d2c0000 	C:\WINDOWS\System32\IMM32.DLL
0x00007ffe070d0000 - 0x00007ffe0716b000 	C:\Program Files\Java\jdk-11.0.9\bin\msvcp140.dll
0x00007ffdf5060000 - 0x00007ffdf5b57000 	C:\Program Files\Java\jdk-11.0.9\bin\server\jvm.dll
0x00007ffe3d430000 - 0x00007ffe3d438000 	C:\WINDOWS\System32\PSAPI.DLL
0x00007ffe2b2c0000 - 0x00007ffe2b2e7000 	C:\WINDOWS\SYSTEM32\WINMM.dll
0x00007ffe20a50000 - 0x00007ffe20a59000 	C:\WINDOWS\SYSTEM32\WSOCK32.dll
0x00007ffe3e250000 - 0x00007ffe3e2bb000 	C:\WINDOWS\System32\WS2_32.dll
0x00007ffe39e90000 - 0x00007ffe39ea2000 	C:\WINDOWS\SYSTEM32\kernel.appcore.dll
0x00007ffe2bbe0000 - 0x00007ffe2bbf0000 	C:\Program Files\Java\jdk-11.0.9\bin\verify.dll
0x00007ffe39ae0000 - 0x00007ffe39cc4000 	C:\WINDOWS\SYSTEM32\DBGHELP.DLL
0x00007ffe1fa40000 - 0x00007ffe1fa6c000 	C:\WINDOWS\SYSTEM32\dbgcore.DLL
0x00007ffe3c760000 - 0x00007ffe3c7df000 	C:\WINDOWS\System32\bcryptPrimitives.dll
0x00007ffe262e0000 - 0x00007ffe26308000 	C:\Program Files\Java\jdk-11.0.9\bin\java.dll
0x00007ffe2bbb0000 - 0x00007ffe2bbba000 	C:\Program Files\Java\jdk-11.0.9\bin\jimage.dll
0x00007ffe28410000 - 0x00007ffe28426000 	C:\Program Files\Java\jdk-11.0.9\bin\zip.dll
0x00007ffe3c870000 - 0x00007ffe3cfb1000 	C:\WINDOWS\System32\SHELL32.dll
0x00007ffe3a000000 - 0x00007ffe3a795000 	C:\WINDOWS\SYSTEM32\windows.storage.dll
0x00007ffe3d820000 - 0x00007ffe3db75000 	C:\WINDOWS\System32\combase.dll
0x00007ffe3b820000 - 0x00007ffe3b84c000 	C:\WINDOWS\SYSTEM32\Wldp.dll
0x00007ffe3d520000 - 0x00007ffe3d5ce000 	C:\WINDOWS\System32\SHCORE.dll
0x00007ffe3c810000 - 0x00007ffe3c865000 	C:\WINDOWS\System32\shlwapi.dll
0x00007ffe3be20000 - 0x00007ffe3be46000 	C:\WINDOWS\SYSTEM32\profapi.dll
0x00007ffe277b0000 - 0x00007ffe277c9000 	C:\Program Files\Java\jdk-11.0.9\bin\net.dll
0x00007ffe34430000 - 0x00007ffe34530000 	C:\WINDOWS\SYSTEM32\WINHTTP.dll
0x00007ffe3b5b0000 - 0x00007ffe3b61a000 	C:\WINDOWS\system32\mswsock.dll
0x00007ffe275f0000 - 0x00007ffe27602000 	C:\Program Files\Java\jdk-11.0.9\bin\nio.dll
0x00007ffe3b860000 - 0x00007ffe3b878000 	C:\WINDOWS\SYSTEM32\CRYPTSP.dll
0x00007ffe3af60000 - 0x00007ffe3af94000 	C:\WINDOWS\system32\rsaenh.dll
0x00007ffe3c7e0000 - 0x00007ffe3c807000 	C:\WINDOWS\System32\bcrypt.dll
0x00007ffe3bde0000 - 0x00007ffe3be0e000 	C:\WINDOWS\SYSTEM32\USERENV.dll
0x00007ffe3b790000 - 0x00007ffe3b79c000 	C:\WINDOWS\SYSTEM32\CRYPTBASE.dll
0x00007ffe3b2c0000 - 0x00007ffe3b2fb000 	C:\WINDOWS\SYSTEM32\IPHLPAPI.DLL
0x00007ffe3dbe0000 - 0x00007ffe3dbe8000 	C:\WINDOWS\System32\NSI.dll
0x00007ffe32b80000 - 0x00007ffe32b97000 	C:\WINDOWS\SYSTEM32\dhcpcsvc6.DLL
0x00007ffe2f8a0000 - 0x00007ffe2f8bd000 	C:\WINDOWS\SYSTEM32\dhcpcsvc.DLL
0x00007ffe3b350000 - 0x00007ffe3b41b000 	C:\WINDOWS\SYSTEM32\DNSAPI.dll
0x00007ffe267b0000 - 0x00007ffe267da000 	C:\Users\ssij\AppData\Roaming\Code\User\globalStorage\redhat.java\0.71.0\config_win\org.eclipse.equinox.launcher\org.eclipse.equinox.launcher.win32.win32.x86_64_1.2.0.v20200915-1442\eclipse_11100.dll
0x00007ffe2f380000 - 0x00007ffe2f391000 	C:\Users\ssij\AppData\Roaming\Code\User\globalStorage\redhat.java\0.71.0\config_win\org.eclipse.osgi\24\0\.cp\jWinHttp-1.0.0.dll
0x00007ffe3dcb0000 - 0x00007ffe3ddda000 	C:\WINDOWS\System32\ole32.dll

dbghelp: loaded successfully - version: 4.0.5 - missing functions: none
symbol engine: initialized successfully - sym options: 0x614 - pdb path: .;C:\Program Files\Java\jdk-11.0.9\bin;C:\WINDOWS\SYSTEM32;C:\WINDOWS\WinSxS\amd64_microsoft.windows.common-controls_6595b64144ccf1df_6.0.19041.488_none_ca04af081b815d21;C:\Program Files\Java\jdk-11.0.9\bin\server;C:\Users\ssij\AppData\Roaming\Code\User\globalStorage\redhat.java\0.71.0\config_win\org.eclipse.equinox.launcher\org.eclipse.equinox.launcher.win32.win32.x86_64_1.2.0.v20200915-1442;C:\Users\ssij\AppData\Roaming\Code\User\globalStorage\redhat.java\0.71.0\config_win\org.eclipse.osgi\24\0\.cp

VM Arguments:
jvm_args: --add-modules=ALL-SYSTEM --add-opens=java.base/java.util=ALL-UNNAMED --add-opens=java.base/java.lang=ALL-UNNAMED -Declipse.application=org.eclipse.jdt.ls.core.id1 -Dosgi.bundles.defaultStartLevel=4 -Declipse.product=org.eclipse.jdt.ls.core.product -Dfile.encoding=utf8 -DwatchParentProcess=false -XX:+UseParallelGC -XX:GCTimeRatio=4 -XX:AdaptiveSizePolicyWeight=90 -Dsun.zip.disableMemoryMapping=true -Xmx1G -Xms100m -Xverify:none 
java_command: c:\Users\ssij\.vscode\extensions\redhat.java-0.71.0\server\plugins\org.eclipse.equinox.launcher_1.6.0.v20200915-1508.jar -configuration c:\Users\ssij\AppData\Roaming\Code\User\globalStorage\redhat.java\0.71.0\config_win -data c:\Users\ssij\AppData\Roaming\Code\User\workspaceStorage\ce9bd1c2a904ba55425b1d37feee0edb\redhat.java\jdt_ws
java_class_path (initial): c:\Users\ssij\.vscode\extensions\redhat.java-0.71.0\server\plugins\org.eclipse.equinox.launcher_1.6.0.v20200915-1508.jar
Launcher Type: SUN_STANDARD

[Global flags]
    uintx AdaptiveSizePolicyWeight                 = 90                                        {product} {command line}
     bool BytecodeVerificationLocal                = false                                     {product} {command line}
     bool BytecodeVerificationRemote               = false                                     {product} {command line}
     intx CICompilerCount                          = 4                                         {product} {ergonomic}
    uintx GCTimeRatio                              = 4                                         {product} {command line}
   size_t InitialHeapSize                          = 104857600                                 {product} {command line}
   size_t MaxHeapSize                              = 1073741824                                {product} {command line}
   size_t MaxNewSize                               = 357564416                                 {product} {ergonomic}
   size_t MinHeapDeltaBytes                        = 524288                                    {product} {ergonomic}
   size_t NewSize                                  = 34603008                                  {product} {ergonomic}
    uintx NonNMethodCodeHeapSize                   = 5836300                                {pd product} {ergonomic}
    uintx NonProfiledCodeHeapSize                  = 122910970                              {pd product} {ergonomic}
   size_t OldSize                                  = 70254592                                  {product} {ergonomic}
    uintx ProfiledCodeHeapSize                     = 122910970                              {pd product} {ergonomic}
    uintx ReservedCodeCacheSize                    = 251658240                              {pd product} {ergonomic}
     bool SegmentedCodeCache                       = true                                      {product} {ergonomic}
     bool UseCompressedClassPointers               = true                                 {lp64_product} {ergonomic}
     bool UseCompressedOops                        = true                                 {lp64_product} {ergonomic}
     bool UseLargePagesIndividualAllocation        = false                                  {pd product} {ergonomic}
     bool UseParallelGC                            = true                                      {product} {command line}

Logging:
Log output configuration:
 #0: stdout all=warning uptime,level,tags
 #1: stderr all=off uptime,level,tags

Environment Variables:
JAVA_HOME=C:\Program Files\Java\jdk-11.0.9\bin
PATH=C:\Program Files\Common Files\Oracle\Java\javapath;C:\Program Files (x86)\Common Files\Oracle\Java\javapath;C:\ProgramData\Oracle\Java\javapath;C:\WINDOWS\system32;C:\WINDOWS;C:\WINDOWS\System32\Wbem;C:\WINDOWS\System32\WindowsPowerShell\v1.0\;C:\WINDOWS\System32\OpenSSH\;C:\Program Files\Java\jdk-11.0.9\bin;F:\Program Files\nodejs\;C:\Program Files (x86)\Yarn\bin\;F:\Program Files\Git\cmd;C:\Program Files\dotnet\;C:\WINDOWS\system32;C:\WINDOWS;C:\WINDOWS\System32\Wbem;C:\WINDOWS\System32\WindowsPowerShell\v1.0\;C:\WINDOWS\System32\OpenSSH\;C:\Program Files\Microsoft SQL Server\130\Tools\Binn\;C:\Program Files\Microsoft SQL Server\Client SDK\ODBC\170\Tools\Binn\;C:\Users\ssij\Desktop\apache-maven-3.6.3\bin;;C:\Program Files (x86)\NVIDIA Corporation\PhysX\Common;C:\Program Files\NVIDIA Corporation\NVIDIA NvDLISR;C:\Program Files\Docker\Docker\resources\bin;C:\ProgramData\DockerDesktop\version-bin;C:\ProgramData\chocolatey\bin;F:\Program Files\PuTTY\;C:\Users\ssij\AppData\Local\Programs\Python\Python38\Scripts\;C:\Users\ssij\AppData\Local\Programs\Python\Python38\;C:\Users\ssij\AppData\Local\Microsoft\WindowsApps;C:\Users\ssij\AppData\Roaming\npm;C:\Users\ssij\AppData\Local\Programs\Microsoft VS Code\bin;C:\Users\ssij\AppData\Local\Yarn\bin;C:\Users\ssij\Desktop\Spark\spark-3.0.0-bin-hadoop3.2\bin;C:\Users\ssij\Desktop\hadoop\bin;C:\Users\ssij\Desktop\Spark\spark-3.0.0-bin-hadoop3.2\python;C:\Users\ssij\Desktop\Spark\spark-3.0.0-bin-hadoop3.2\python\lib\py4j-0.10.9-src.zip;C:\Users\ssij\.dotnet\tools;C:\Users\ssij\Desktop\apache-maven-3.6.3\bin;C:\tools\dart-sdk\bin;C:\Users\ssij\AppData\Roaming\Pub\Cache\bin;
USERNAME=ssij
OS=Windows_NT
PROCESSOR_IDENTIFIER=Intel64 Family 6 Model 158 Stepping 10, GenuineIntel



---------------  S Y S T E M  ---------------

OS: Windows 10 , 64 bit Build 19041 (10.0.19041.546)
HyperV virtualization detected

CPU:total 8 (initial active 8) (4 cores per cpu, 2 threads per core) family 6 model 158 stepping 10, cmov, cx8, fxsr, mmx, sse, sse2, sse3, ssse3, sse4.1, sse4.2, popcnt, avx, avx2, aes, clmul, erms, 3dnowpref, lzcnt, ht, tsc, tscinvbit, bmi1, bmi2, adx, fma

Memory: 4k page, system-wide physical 8034M (1435M free)
TotalPageFile size 12130M (AvailPageFile size 5M)
current process WorkingSet (physical memory assigned to process): 202M, peak: 205M
current process commit charge ("private bytes"): 296M, peak: 298M

vm_info: Java HotSpot(TM) 64-Bit Server VM (11.0.9+7-LTS) for windows-amd64 JRE (11.0.9+7-LTS), built on Sep 15 2020 16:47:03 by "mach5one" with MS VC++ 15.9 (VS2017)

END.
